0 verbose cli C:\Program Files\nodejs\node.exe C:\Users\andro\AppData\Roaming\npm\node_modules\npm\bin\npm-cli.js
1 info using npm@10.7.0
2 info using node@v20.12.2
3 silly config:load:file:C:\Users\andro\AppData\Roaming\npm\node_modules\npm\npmrc
4 silly config:load:file:C:\Users\andro\AppData\Local\Temp\exhort_uf5Y0G\.npmrc
5 silly config:load:file:C:\Users\andro\.npmrc
6 silly config:load:file:C:\Users\andro\AppData\Local\Temp\exhort_uf5Y0G\etc\npmrc
7 verbose title npm i
8 verbose argv "i" "--package-lock-only" "--prefix" "C:\\Users\\andro\\AppData\\Local\\Temp\\exhort_uf5Y0G"
9 verbose logfile logs-max:10 dir:c:\Users\andro\Documents\shipping-services\npm-cache\_logs\2024-06-13T23_25_10_312Z-
10 verbose logfile c:\Users\andro\Documents\shipping-services\npm-cache\_logs\2024-06-13T23_25_10_312Z-debug-0.log
11 silly logfile start cleaning logs, removing 3 files
12 silly logfile done cleaning log files
13 silly idealTree buildDeps
14 silly fetch manifest dotenv@^16.4.5
15 http fetch GET 200 https://registry.npmjs.org/dotenv 884ms (cache revalidated)
16 silly fetch manifest express@^4.19.2
17 http fetch GET 200 https://registry.npmjs.org/express 195ms (cache revalidated)
18 silly fetch manifest morgan@^1.10.0
19 http fetch GET 200 https://registry.npmjs.org/morgan 178ms (cache revalidated)
20 silly fetch manifest signale@^1.4.0
21 http fetch GET 200 https://registry.npmjs.org/signale 306ms (cache revalidated)
22 silly fetch manifest uuid@^10.0.0
23 http fetch GET 200 https://registry.npmjs.org/uuid 217ms (cache revalidated)
24 silly fetch manifest @types/express@^4.17.21
25 http fetch GET 200 https://registry.npmjs.org/@types%2fexpress 195ms (cache revalidated)
26 silly fetch manifest @types/morgan@^1.9.9
27 http fetch GET 200 https://registry.npmjs.org/@types%2fmorgan 329ms (cache revalidated)
28 silly fetch manifest @types/signale@^1.4.7
29 http fetch GET 200 https://registry.npmjs.org/@types%2fsignale 557ms (cache revalidated)
30 silly fetch manifest typescript@^4.5.4
31 http fetch GET 200 https://registry.npmjs.org/typescript 190ms (cache revalidated)
32 silly placeDep ROOT @types/express@4.17.21 OK for: shipping-services@1.0.0 want: ^4.17.21
33 silly placeDep ROOT @types/morgan@1.9.9 OK for: shipping-services@1.0.0 want: ^1.9.9
34 silly placeDep ROOT @types/signale@1.4.7 OK for: shipping-services@1.0.0 want: ^1.4.7
35 silly placeDep ROOT dotenv@16.4.5 OK for: shipping-services@1.0.0 want: ^16.4.5
36 silly placeDep ROOT express@4.19.2 OK for: shipping-services@1.0.0 want: ^4.19.2
37 silly placeDep ROOT morgan@1.10.0 OK for: shipping-services@1.0.0 want: ^1.10.0
38 silly placeDep ROOT shipping-services@1.0.0 OK for: shipping-services@1.0.0 want: file:../../../../Documents/shipping-services
39 silly placeDep ROOT signale@1.4.0 OK for: shipping-services@1.0.0 want: ^1.4.0
40 silly placeDep ROOT typescript@4.9.5 OK for: shipping-services@1.0.0 want: ^4.5.4
41 silly placeDep ROOT uuid@10.0.0 OK for: shipping-services@1.0.0 want: ^10.0.0
42 silly fetch manifest @types/body-parser@*
43 silly fetch manifest @types/express-serve-static-core@^4.17.33
44 silly fetch manifest @types/qs@*
45 silly fetch manifest @types/serve-static@*
46 silly fetch manifest @types/node@*
47 silly fetch manifest qs@6.11.0
48 silly fetch manifest depd@2.0.0
49 silly fetch manifest etag@~1.8.1
50 silly fetch manifest send@0.18.0
51 silly fetch manifest vary@~1.1.2
52 silly fetch manifest debug@2.6.9
53 silly fetch manifest fresh@0.5.2
54 silly fetch manifest cookie@0.6.0
55 silly fetch manifest accepts@~1.3.8
56 http fetch GET 200 https://registry.npmjs.org/@types%2fexpress-serve-static-core 496ms (cache revalidated)
57 silly fetch manifest methods@~1.1.2
58 http fetch GET 200 https://registry.npmjs.org/methods 276ms (cache revalidated)
59 silly fetch manifest type-is@~1.6.18
60 http fetch GET 200 https://registry.npmjs.org/type-is 227ms (cache revalidated)
61 silly fetch manifest parseurl@~1.3.3
62 http fetch GET 200 https://registry.npmjs.org/qs 1007ms (cache revalidated)
63 silly fetch manifest statuses@2.0.1
64 http fetch GET 200 https://registry.npmjs.org/@types%2fqs 1055ms (cache revalidated)
65 silly fetch manifest encodeurl@~1.0.2
66 http fetch GET 200 https://registry.npmjs.org/@types%2fserve-static 1059ms (cache revalidated)
67 silly fetch manifest proxy-addr@~2.0.7
68 http fetch GET 200 https://registry.npmjs.org/@types%2fnode 1070ms (cache revalidated)
69 silly fetch manifest body-parser@1.20.2
70 silly fetch manifest escape-html@~1.0.3
71 http fetch GET 200 https://registry.npmjs.org/@types%2fbody-parser 1185ms (cache revalidated)
72 silly fetch manifest http-errors@2.0.0
73 http fetch GET 200 https://registry.npmjs.org/fresh 1183ms (cache revalidated)
74 silly fetch manifest on-finished@2.4.1
75 http fetch GET 200 https://registry.npmjs.org/statuses 174ms (cache revalidated)
76 silly fetch manifest safe-buffer@5.2.1
77 http fetch GET 200 https://registry.npmjs.org/parseurl 183ms (cache revalidated)
78 silly fetch manifest utils-merge@1.0.1
79 http fetch GET 200 https://registry.npmjs.org/on-finished 256ms (cache revalidated)
80 silly fetch manifest content-type@~1.0.4
81 http fetch GET 200 https://registry.npmjs.org/http-errors 260ms (cache revalidated)
82 silly fetch manifest finalhandler@1.2.0
83 http fetch GET 200 https://registry.npmjs.org/vary 1458ms (cache revalidated)
84 silly fetch manifest range-parser@~1.2.1
85 http fetch GET 200 https://registry.npmjs.org/safe-buffer 273ms (cache revalidated)
86 silly fetch manifest serve-static@1.15.0
87 http fetch GET 200 https://registry.npmjs.org/cookie 1460ms (cache revalidated)
88 silly fetch manifest array-flatten@1.1.1
89 http fetch GET 200 https://registry.npmjs.org/escape-html 332ms (cache revalidated)
90 silly fetch manifest path-to-regexp@0.1.7
91 http fetch GET 200 https://registry.npmjs.org/proxy-addr 439ms (cache revalidated)
92 silly fetch manifest setprototypeof@1.2.0
93 http fetch GET 200 https://registry.npmjs.org/debug 1499ms (cache revalidated)
94 silly fetch manifest cookie-signature@1.0.6
95 http fetch GET 200 https://registry.npmjs.org/encodeurl 449ms (cache revalidated)
96 silly fetch manifest merge-descriptors@1.0.1
97 http fetch GET 200 https://registry.npmjs.org/body-parser 351ms (cache revalidated)
98 silly fetch manifest content-disposition@0.5.4
99 http fetch GET 200 https://registry.npmjs.org/etag 1527ms (cache revalidated)
100 silly fetch manifest depd@~2.0.0
101 http fetch GET 200 https://registry.npmjs.org/accepts 1569ms (cache revalidated)
102 silly fetch manifest basic-auth@~2.0.1
103 http fetch GET 200 https://registry.npmjs.org/depd 1582ms (cache revalidated)
104 silly fetch manifest on-headers@~1.0.2
105 http fetch GET 200 https://registry.npmjs.org/content-type 189ms (cache revalidated)
106 silly fetch manifest on-finished@~2.3.0
107 silly fetch manifest chalk@^2.3.2
108 http fetch GET 200 https://registry.npmjs.org/array-flatten 171ms (cache revalidated)
109 silly fetch manifest figures@^2.0.0
110 http fetch GET 200 https://registry.npmjs.org/finalhandler 190ms (cache revalidated)
111 silly fetch manifest pkg-conf@^2.1.0
112 http fetch GET 200 https://registry.npmjs.org/serve-static 176ms (cache revalidated)
113 http fetch GET 200 https://registry.npmjs.org/range-parser 183ms (cache revalidated)
114 http fetch GET 200 https://registry.npmjs.org/depd 114ms (cache revalidated)
115 http fetch GET 200 https://registry.npmjs.org/send 1644ms (cache revalidated)
116 http fetch GET 200 https://registry.npmjs.org/cookie-signature 183ms (cache revalidated)
117 http fetch GET 200 https://registry.npmjs.org/content-disposition 170ms (cache revalidated)
118 http fetch GET 200 https://registry.npmjs.org/merge-descriptors 182ms (cache revalidated)
119 http fetch GET 200 https://registry.npmjs.org/path-to-regexp 191ms (cache revalidated)
120 http fetch GET 200 https://registry.npmjs.org/setprototypeof 198ms (cache revalidated)
121 http fetch GET 200 https://registry.npmjs.org/figures 167ms (cache revalidated)
122 http fetch GET 200 https://registry.npmjs.org/pkg-conf 167ms (cache revalidated)
123 http fetch GET 200 https://registry.npmjs.org/chalk 171ms (cache revalidated)
124 http fetch GET 200 https://registry.npmjs.org/basic-auth 241ms (cache revalidated)
125 http fetch GET 200 https://registry.npmjs.org/on-headers 262ms (cache revalidated)
126 http fetch GET 200 https://registry.npmjs.org/utils-merge 890ms (cache revalidated)
127 silly placeDep ROOT @types/body-parser@1.19.5 OK for: @types/express@4.17.21 want: *
128 silly placeDep ROOT @types/express-serve-static-core@4.19.3 OK for: @types/express@4.17.21 want: ^4.17.33
129 silly placeDep ROOT @types/qs@6.9.15 OK for: @types/express@4.17.21 want: *
130 silly placeDep ROOT @types/serve-static@1.15.7 OK for: @types/express@4.17.21 want: *
131 silly fetch manifest @types/connect@*
132 silly fetch manifest @types/send@*
133 silly fetch manifest @types/range-parser@*
134 silly fetch manifest @types/http-errors@*
135 http fetch GET 200 https://registry.npmjs.org/@types%2fhttp-errors 218ms (cache revalidated)
136 http fetch GET 200 https://registry.npmjs.org/@types%2fconnect 222ms (cache revalidated)
137 http fetch GET 200 https://registry.npmjs.org/@types%2fsend 222ms (cache revalidated)
138 http fetch GET 200 https://registry.npmjs.org/@types%2frange-parser 537ms (cache revalidated)
139 silly placeDep ROOT @types/connect@3.4.38 OK for: @types/body-parser@1.19.5 want: *
140 silly placeDep ROOT @types/node@20.14.2 OK for: @types/body-parser@1.19.5 want: *
141 silly fetch manifest undici-types@~5.26.4
142 http fetch GET 200 https://registry.npmjs.org/undici-types 213ms (cache revalidated)
143 silly placeDep ROOT @types/range-parser@1.2.7 OK for: @types/express-serve-static-core@4.19.3 want: *
144 silly placeDep ROOT @types/send@0.17.4 OK for: @types/express-serve-static-core@4.19.3 want: *
145 silly fetch manifest @types/mime@^1
146 http fetch GET 200 https://registry.npmjs.org/@types%2fmime 398ms (cache revalidated)
147 silly placeDep ROOT undici-types@5.26.5 OK for: @types/node@20.14.2 want: ~5.26.4
148 silly placeDep ROOT @types/mime@1.3.5 OK for: @types/send@0.17.4 want: ^1
149 silly placeDep ROOT @types/http-errors@2.0.4 OK for: @types/serve-static@1.15.7 want: *
150 silly placeDep ROOT accepts@1.3.8 OK for: express@4.19.2 want: ~1.3.8
151 silly placeDep ROOT array-flatten@1.1.1 OK for: express@4.19.2 want: 1.1.1
152 silly placeDep ROOT body-parser@1.20.2 OK for: express@4.19.2 want: 1.20.2
153 silly placeDep ROOT content-disposition@0.5.4 OK for: express@4.19.2 want: 0.5.4
154 silly placeDep ROOT content-type@1.0.5 OK for: express@4.19.2 want: ~1.0.4
155 silly placeDep ROOT cookie@0.6.0 OK for: express@4.19.2 want: 0.6.0
156 silly placeDep ROOT cookie-signature@1.0.6 OK for: express@4.19.2 want: 1.0.6
157 silly placeDep ROOT debug@2.6.9 OK for: express@4.19.2 want: 2.6.9
158 silly placeDep ROOT depd@2.0.0 OK for: express@4.19.2 want: 2.0.0
159 silly placeDep ROOT encodeurl@1.0.2 OK for: express@4.19.2 want: ~1.0.2
160 silly placeDep ROOT escape-html@1.0.3 OK for: express@4.19.2 want: ~1.0.3
161 silly placeDep ROOT etag@1.8.1 OK for: express@4.19.2 want: ~1.8.1
162 silly placeDep ROOT finalhandler@1.2.0 OK for: express@4.19.2 want: 1.2.0
163 silly placeDep ROOT fresh@0.5.2 OK for: express@4.19.2 want: 0.5.2
164 silly placeDep ROOT http-errors@2.0.0 OK for: express@4.19.2 want: 2.0.0
165 silly placeDep ROOT merge-descriptors@1.0.1 OK for: express@4.19.2 want: 1.0.1
166 silly placeDep ROOT methods@1.1.2 OK for: express@4.19.2 want: ~1.1.2
167 silly placeDep ROOT on-finished@2.4.1 OK for: express@4.19.2 want: 2.4.1
168 silly placeDep ROOT parseurl@1.3.3 OK for: express@4.19.2 want: ~1.3.3
169 silly placeDep ROOT path-to-regexp@0.1.7 OK for: express@4.19.2 want: 0.1.7
170 silly placeDep ROOT proxy-addr@2.0.7 OK for: express@4.19.2 want: ~2.0.7
171 silly placeDep ROOT qs@6.11.0 OK for: express@4.19.2 want: 6.11.0
172 silly placeDep ROOT range-parser@1.2.1 OK for: express@4.19.2 want: ~1.2.1
173 silly placeDep ROOT safe-buffer@5.2.1 OK for: express@4.19.2 want: 5.2.1
174 silly placeDep ROOT send@0.18.0 OK for: express@4.19.2 want: 0.18.0
175 silly placeDep ROOT serve-static@1.15.0 OK for: express@4.19.2 want: 1.15.0
176 silly placeDep ROOT setprototypeof@1.2.0 OK for: express@4.19.2 want: 1.2.0
177 silly placeDep ROOT statuses@2.0.1 OK for: express@4.19.2 want: 2.0.1
178 silly placeDep ROOT type-is@1.6.18 OK for: express@4.19.2 want: ~1.6.18
179 silly placeDep ROOT utils-merge@1.0.1 OK for: express@4.19.2 want: 1.0.1
180 silly placeDep ROOT vary@1.1.2 OK for: express@4.19.2 want: ~1.1.2
181 silly fetch manifest mime-types@~2.1.34
182 silly fetch manifest negotiator@0.6.3
183 silly fetch manifest bytes@3.1.2
184 silly fetch manifest unpipe@1.0.0
185 silly fetch manifest destroy@1.2.0
186 silly fetch manifest raw-body@2.5.2
187 silly fetch manifest iconv-lite@0.4.24
188 silly fetch manifest content-type@~1.0.5
189 silly fetch manifest ms@2.0.0
190 silly fetch manifest unpipe@~1.0.0
191 silly fetch manifest inherits@2.0.4
192 silly fetch manifest toidentifier@1.0.1
193 silly fetch manifest ee-first@1.1.1
194 silly fetch manifest forwarded@0.2.0
195 silly fetch manifest ipaddr.js@1.9.1
196 silly fetch manifest side-channel@^1.0.4
197 http fetch GET 200 https://registry.npmjs.org/unpipe 182ms (cache revalidated)
198 silly fetch manifest ms@2.1.3
199 http fetch GET 200 https://registry.npmjs.org/destroy 197ms (cache revalidated)
200 silly fetch manifest mime@1.6.0
201 http fetch GET 200 https://registry.npmjs.org/ee-first 192ms (cache revalidated)
202 silly fetch manifest media-typer@0.3.0
203 http fetch GET 200 https://registry.npmjs.org/inherits 196ms (cache revalidated)
204 silly fetch manifest mime-types@~2.1.24
205 http fetch GET 200 https://registry.npmjs.org/ipaddr.js 193ms (cache revalidated)
206 http fetch GET 200 https://registry.npmjs.org/ms 199ms (cache revalidated)
207 http fetch GET 200 https://registry.npmjs.org/raw-body 203ms (cache revalidated)
208 http fetch GET 200 https://registry.npmjs.org/side-channel 215ms (cache revalidated)
209 http fetch GET 200 https://registry.npmjs.org/toidentifier 220ms (cache revalidated)
210 http fetch GET 200 https://registry.npmjs.org/unpipe 226ms (cache revalidated)
211 http fetch GET 200 https://registry.npmjs.org/negotiator 227ms (cache revalidated)
212 http fetch GET 200 https://registry.npmjs.org/bytes 227ms (cache revalidated)
213 http fetch GET 200 https://registry.npmjs.org/iconv-lite 226ms (cache revalidated)
214 http fetch GET 200 https://registry.npmjs.org/mime-types 275ms (cache revalidated)
215 http fetch GET 200 https://registry.npmjs.org/media-typer 108ms (cache revalidated)
216 http fetch GET 200 https://registry.npmjs.org/mime-types 107ms (cache revalidated)
217 http fetch GET 200 https://registry.npmjs.org/ms 122ms (cache revalidated)
218 http fetch GET 200 https://registry.npmjs.org/mime 111ms (cache revalidated)
219 http fetch GET 200 https://registry.npmjs.org/forwarded 415ms (cache revalidated)
220 silly placeDep ROOT mime-types@2.1.35 OK for: accepts@1.3.8 want: ~2.1.34
221 silly placeDep ROOT negotiator@0.6.3 OK for: accepts@1.3.8 want: 0.6.3
222 silly fetch manifest mime-db@1.52.0
223 http fetch GET 200 https://registry.npmjs.org/mime-db 340ms (cache revalidated)
224 silly placeDep ROOT bytes@3.1.2 OK for: body-parser@1.20.2 want: 3.1.2
225 silly placeDep ROOT destroy@1.2.0 OK for: body-parser@1.20.2 want: 1.2.0
226 silly placeDep ROOT iconv-lite@0.4.24 OK for: body-parser@1.20.2 want: 0.4.24
227 silly placeDep ROOT raw-body@2.5.2 OK for: body-parser@1.20.2 want: 2.5.2
228 silly placeDep ROOT unpipe@1.0.0 OK for: body-parser@1.20.2 want: 1.0.0
229 silly fetch manifest safer-buffer@>= 2.1.2 < 3
230 http fetch GET 200 https://registry.npmjs.org/safer-buffer 165ms (cache revalidated)
231 silly placeDep ROOT ms@2.0.0 OK for: debug@2.6.9 want: 2.0.0
232 silly placeDep ROOT inherits@2.0.4 OK for: http-errors@2.0.0 want: 2.0.4
233 silly placeDep ROOT toidentifier@1.0.1 OK for: http-errors@2.0.0 want: 1.0.1
234 silly placeDep ROOT safer-buffer@2.1.2 OK for: iconv-lite@0.4.24 want: >= 2.1.2 < 3
235 silly placeDep ROOT mime-db@1.52.0 OK for: mime-types@2.1.35 want: 1.52.0
236 silly placeDep ROOT basic-auth@2.0.1 OK for: morgan@1.10.0 want: ~2.0.1
237 silly placeDep node_modules/morgan on-finished@2.3.0 OK for: morgan@1.10.0 want: ~2.3.0
238 silly placeDep ROOT on-headers@1.0.2 OK for: morgan@1.10.0 want: ~1.0.2
239 silly fetch manifest safe-buffer@5.1.2
240 silly placeDep node_modules/basic-auth safe-buffer@5.1.2 OK for: basic-auth@2.0.1 want: 5.1.2
241 silly placeDep ROOT ee-first@1.1.1 OK for: on-finished@2.4.1 want: 1.1.1
242 silly placeDep ROOT forwarded@0.2.0 OK for: proxy-addr@2.0.7 want: 0.2.0
243 silly placeDep ROOT ipaddr.js@1.9.1 OK for: proxy-addr@2.0.7 want: 1.9.1
244 silly placeDep ROOT side-channel@1.0.6 OK for: qs@6.11.0 want: ^1.0.4
245 silly fetch manifest call-bind@^1.0.7
246 silly fetch manifest es-errors@^1.3.0
247 silly fetch manifest get-intrinsic@^1.2.4
248 silly fetch manifest object-inspect@^1.13.1
249 http fetch GET 200 https://registry.npmjs.org/call-bind 157ms (cache revalidated)
250 http fetch GET 200 https://registry.npmjs.org/get-intrinsic 205ms (cache revalidated)
251 http fetch GET 200 https://registry.npmjs.org/object-inspect 205ms (cache revalidated)
252 http fetch GET 200 https://registry.npmjs.org/es-errors 207ms (cache revalidated)
253 silly placeDep ROOT mime@1.6.0 OK for: send@0.18.0 want: 1.6.0
254 silly placeDep node_modules/send ms@2.1.3 OK for: send@0.18.0 want: 2.1.3
255 silly placeDep ROOT call-bind@1.0.7 OK for: side-channel@1.0.6 want: ^1.0.7
256 silly placeDep ROOT es-errors@1.3.0 OK for: side-channel@1.0.6 want: ^1.3.0
257 silly placeDep ROOT get-intrinsic@1.2.4 OK for: side-channel@1.0.6 want: ^1.2.4
258 silly placeDep ROOT object-inspect@1.13.1 OK for: side-channel@1.0.6 want: ^1.13.1
259 silly fetch manifest es-define-property@^1.0.0
260 silly fetch manifest function-bind@^1.1.2
261 silly fetch manifest set-function-length@^1.2.1
262 silly fetch manifest has-proto@^1.0.1
263 silly fetch manifest has-symbols@^1.0.3
264 silly fetch manifest hasown@^2.0.0
265 http fetch GET 200 https://registry.npmjs.org/hasown 159ms (cache revalidated)
266 http fetch GET 200 https://registry.npmjs.org/has-proto 160ms (cache revalidated)
267 http fetch GET 200 https://registry.npmjs.org/function-bind 188ms (cache revalidated)
268 http fetch GET 200 https://registry.npmjs.org/es-define-property 211ms (cache revalidated)
269 http fetch GET 200 https://registry.npmjs.org/has-symbols 218ms (cache revalidated)
270 http fetch GET 200 https://registry.npmjs.org/set-function-length 220ms (cache revalidated)
271 silly placeDep ROOT es-define-property@1.0.0 OK for: call-bind@1.0.7 want: ^1.0.0
272 silly placeDep ROOT function-bind@1.1.2 OK for: call-bind@1.0.7 want: ^1.1.2
273 silly placeDep ROOT set-function-length@1.2.2 OK for: call-bind@1.0.7 want: ^1.2.1
274 silly fetch manifest define-data-property@^1.1.4
275 silly fetch manifest gopd@^1.0.1
276 silly fetch manifest has-property-descriptors@^1.0.2
277 http fetch GET 200 https://registry.npmjs.org/define-data-property 281ms (cache revalidated)
278 http fetch GET 200 https://registry.npmjs.org/gopd 299ms (cache revalidated)
279 http fetch GET 200 https://registry.npmjs.org/has-property-descriptors 307ms (cache revalidated)
280 silly placeDep ROOT has-proto@1.0.3 OK for: get-intrinsic@1.2.4 want: ^1.0.1
281 silly placeDep ROOT has-symbols@1.0.3 OK for: get-intrinsic@1.2.4 want: ^1.0.3
282 silly placeDep ROOT hasown@2.0.2 OK for: get-intrinsic@1.2.4 want: ^2.0.0
283 silly placeDep ROOT define-data-property@1.1.4 OK for: set-function-length@1.2.2 want: ^1.1.4
284 silly placeDep ROOT gopd@1.0.1 OK for: set-function-length@1.2.2 want: ^1.0.1
285 silly placeDep ROOT has-property-descriptors@1.0.2 OK for: set-function-length@1.2.2 want: ^1.0.2
286 silly placeDep ROOT chalk@2.4.2 OK for: signale@1.4.0 want: ^2.3.2
287 silly placeDep ROOT figures@2.0.0 OK for: signale@1.4.0 want: ^2.0.0
288 silly placeDep ROOT pkg-conf@2.1.0 OK for: signale@1.4.0 want: ^2.1.0
289 silly fetch manifest ansi-styles@^3.2.1
290 silly fetch manifest escape-string-regexp@^1.0.5
291 silly fetch manifest supports-color@^5.3.0
292 silly fetch manifest find-up@^2.0.0
293 silly fetch manifest load-json-file@^4.0.0
294 http fetch GET 200 https://registry.npmjs.org/find-up 114ms (cache revalidated)
295 http fetch GET 200 https://registry.npmjs.org/ansi-styles 116ms (cache revalidated)
296 http fetch GET 200 https://registry.npmjs.org/supports-color 136ms (cache revalidated)
297 http fetch GET 200 https://registry.npmjs.org/load-json-file 168ms (cache revalidated)
298 http fetch GET 200 https://registry.npmjs.org/escape-string-regexp 171ms (cache revalidated)
299 silly placeDep ROOT ansi-styles@3.2.1 OK for: chalk@2.4.2 want: ^3.2.1
300 silly placeDep ROOT escape-string-regexp@1.0.5 OK for: chalk@2.4.2 want: ^1.0.5
301 silly placeDep ROOT supports-color@5.5.0 OK for: chalk@2.4.2 want: ^5.3.0
302 silly fetch manifest color-convert@^1.9.0
303 silly fetch manifest has-flag@^3.0.0
304 http fetch GET 200 https://registry.npmjs.org/color-convert 115ms (cache revalidated)
305 http fetch GET 200 https://registry.npmjs.org/has-flag 142ms (cache revalidated)
306 silly placeDep ROOT color-convert@1.9.3 OK for: ansi-styles@3.2.1 want: ^1.9.0
307 silly fetch manifest color-name@1.1.3
308 http fetch GET 200 https://registry.npmjs.org/color-name 305ms (cache revalidated)
309 silly placeDep ROOT color-name@1.1.3 OK for: color-convert@1.9.3 want: 1.1.3
310 silly placeDep ROOT find-up@2.1.0 OK for: pkg-conf@2.1.0 want: ^2.0.0
311 silly placeDep ROOT load-json-file@4.0.0 OK for: pkg-conf@2.1.0 want: ^4.0.0
312 silly fetch manifest locate-path@^2.0.0
313 silly fetch manifest graceful-fs@^4.1.2
314 silly fetch manifest parse-json@^4.0.0
315 silly fetch manifest pify@^3.0.0
316 silly fetch manifest strip-bom@^3.0.0
317 http fetch GET 200 https://registry.npmjs.org/strip-bom 249ms (cache revalidated)
318 http fetch GET 200 https://registry.npmjs.org/graceful-fs 270ms (cache revalidated)
319 http fetch GET 200 https://registry.npmjs.org/pify 296ms (cache revalidated)
320 http fetch GET 200 https://registry.npmjs.org/locate-path 319ms (cache revalidated)
321 http fetch GET 200 https://registry.npmjs.org/parse-json 353ms (cache revalidated)
322 silly placeDep ROOT locate-path@2.0.0 OK for: find-up@2.1.0 want: ^2.0.0
323 silly fetch manifest p-locate@^2.0.0
324 silly fetch manifest path-exists@^3.0.0
325 http fetch GET 200 https://registry.npmjs.org/p-locate 245ms (cache revalidated)
326 http fetch GET 200 https://registry.npmjs.org/path-exists 351ms (cache revalidated)
327 silly placeDep ROOT graceful-fs@4.2.11 OK for: load-json-file@4.0.0 want: ^4.1.2
328 silly placeDep ROOT parse-json@4.0.0 OK for: load-json-file@4.0.0 want: ^4.0.0
329 silly placeDep ROOT pify@3.0.0 OK for: load-json-file@4.0.0 want: ^3.0.0
330 silly placeDep ROOT strip-bom@3.0.0 OK for: load-json-file@4.0.0 want: ^3.0.0
331 silly fetch manifest error-ex@^1.3.1
332 silly fetch manifest json-parse-better-errors@^1.0.1
333 http fetch GET 200 https://registry.npmjs.org/error-ex 221ms (cache revalidated)
334 http fetch GET 200 https://registry.npmjs.org/json-parse-better-errors 220ms (cache revalidated)
335 silly placeDep ROOT p-locate@2.0.0 OK for: locate-path@2.0.0 want: ^2.0.0
336 silly placeDep ROOT path-exists@3.0.0 OK for: locate-path@2.0.0 want: ^3.0.0
337 silly fetch manifest p-limit@^1.1.0
338 http fetch GET 200 https://registry.npmjs.org/p-limit 239ms (cache revalidated)
339 silly placeDep ROOT p-limit@1.3.0 OK for: p-locate@2.0.0 want: ^1.1.0
340 silly fetch manifest p-try@^1.0.0
341 http fetch GET 200 https://registry.npmjs.org/p-try 267ms (cache revalidated)
342 silly placeDep ROOT p-try@1.0.0 OK for: p-limit@1.3.0 want: ^1.0.0
343 silly placeDep ROOT error-ex@1.3.2 OK for: parse-json@4.0.0 want: ^1.3.1
344 silly placeDep ROOT json-parse-better-errors@1.0.2 OK for: parse-json@4.0.0 want: ^1.0.1
345 silly fetch manifest is-arrayish@^0.2.1
346 http fetch GET 200 https://registry.npmjs.org/is-arrayish 244ms (cache revalidated)
347 silly placeDep ROOT is-arrayish@0.2.1 OK for: error-ex@1.3.2 want: ^0.2.1
348 silly placeDep ROOT has-flag@3.0.0 OK for: supports-color@5.5.0 want: ^3.0.0
349 silly placeDep ROOT media-typer@0.3.0 OK for: type-is@1.6.18 want: 0.3.0
350 silly audit bulk request {
350 silly audit   'shipping-services': [ '1.0.0' ],
350 silly audit   '@types/express': [ '4.17.21' ],
350 silly audit   '@types/morgan': [ '1.9.9' ],
350 silly audit   '@types/signale': [ '1.4.7' ],
350 silly audit   dotenv: [ '16.4.5' ],
350 silly audit   express: [ '4.19.2' ],
350 silly audit   morgan: [ '1.10.0' ],
350 silly audit   signale: [ '1.4.0' ],
350 silly audit   typescript: [ '4.9.5' ],
350 silly audit   uuid: [ '10.0.0' ],
350 silly audit   '@types/body-parser': [ '1.19.5' ],
350 silly audit   '@types/express-serve-static-core': [ '4.19.3' ],
350 silly audit   '@types/qs': [ '6.9.15' ],
350 silly audit   '@types/serve-static': [ '1.15.7' ],
350 silly audit   '@types/connect': [ '3.4.38' ],
350 silly audit   '@types/node': [ '20.14.2' ],
350 silly audit   '@types/range-parser': [ '1.2.7' ],
350 silly audit   '@types/send': [ '0.17.4' ],
350 silly audit   'undici-types': [ '5.26.5' ],
350 silly audit   '@types/mime': [ '1.3.5' ],
350 silly audit   '@types/http-errors': [ '2.0.4' ],
350 silly audit   accepts: [ '1.3.8' ],
350 silly audit   'array-flatten': [ '1.1.1' ],
350 silly audit   'body-parser': [ '1.20.2' ],
350 silly audit   'content-disposition': [ '0.5.4' ],
350 silly audit   'content-type': [ '1.0.5' ],
350 silly audit   cookie: [ '0.6.0' ],
350 silly audit   'cookie-signature': [ '1.0.6' ],
350 silly audit   debug: [ '2.6.9' ],
350 silly audit   depd: [ '2.0.0' ],
350 silly audit   encodeurl: [ '1.0.2' ],
350 silly audit   'escape-html': [ '1.0.3' ],
350 silly audit   etag: [ '1.8.1' ],
350 silly audit   finalhandler: [ '1.2.0' ],
350 silly audit   fresh: [ '0.5.2' ],
350 silly audit   'http-errors': [ '2.0.0' ],
350 silly audit   'merge-descriptors': [ '1.0.1' ],
350 silly audit   methods: [ '1.1.2' ],
350 silly audit   'on-finished': [ '2.4.1', '2.3.0' ],
350 silly audit   parseurl: [ '1.3.3' ],
350 silly audit   'path-to-regexp': [ '0.1.7' ],
350 silly audit   'proxy-addr': [ '2.0.7' ],
350 silly audit   qs: [ '6.11.0' ],
350 silly audit   'range-parser': [ '1.2.1' ],
350 silly audit   'safe-buffer': [ '5.2.1', '5.1.2' ],
350 silly audit   send: [ '0.18.0' ],
350 silly audit   'serve-static': [ '1.15.0' ],
350 silly audit   setprototypeof: [ '1.2.0' ],
350 silly audit   statuses: [ '2.0.1' ],
350 silly audit   'type-is': [ '1.6.18' ],
350 silly audit   'utils-merge': [ '1.0.1' ],
350 silly audit   vary: [ '1.1.2' ],
350 silly audit   'mime-types': [ '2.1.35' ],
350 silly audit   negotiator: [ '0.6.3' ],
350 silly audit   bytes: [ '3.1.2' ],
350 silly audit   destroy: [ '1.2.0' ],
350 silly audit   'iconv-lite': [ '0.4.24' ],
350 silly audit   'raw-body': [ '2.5.2' ],
350 silly audit   unpipe: [ '1.0.0' ],
350 silly audit   ms: [ '2.0.0', '2.1.3' ],
350 silly audit   inherits: [ '2.0.4' ],
350 silly audit   toidentifier: [ '1.0.1' ],
350 silly audit   'safer-buffer': [ '2.1.2' ],
350 silly audit   'mime-db': [ '1.52.0' ],
350 silly audit   'basic-auth': [ '2.0.1' ],
350 silly audit   'on-headers': [ '1.0.2' ],
350 silly audit   'ee-first': [ '1.1.1' ],
350 silly audit   forwarded: [ '0.2.0' ],
350 silly audit   'ipaddr.js': [ '1.9.1' ],
350 silly audit   'side-channel': [ '1.0.6' ],
350 silly audit   mime: [ '1.6.0' ],
350 silly audit   'call-bind': [ '1.0.7' ],
350 silly audit   'es-errors': [ '1.3.0' ],
350 silly audit   'get-intrinsic': [ '1.2.4' ],
350 silly audit   'object-inspect': [ '1.13.1' ],
350 silly audit   'es-define-property': [ '1.0.0' ],
350 silly audit   'function-bind': [ '1.1.2' ],
350 silly audit   'set-function-length': [ '1.2.2' ],
350 silly audit   'has-proto': [ '1.0.3' ],
350 silly audit   'has-symbols': [ '1.0.3' ],
350 silly audit   hasown: [ '2.0.2' ],
350 silly audit   'define-data-property': [ '1.1.4' ],
350 silly audit   gopd: [ '1.0.1' ],
350 silly audit   'has-property-descriptors': [ '1.0.2' ],
350 silly audit   chalk: [ '2.4.2' ],
350 silly audit   figures: [ '2.0.0' ],
350 silly audit   'pkg-conf': [ '2.1.0' ],
350 silly audit   'ansi-styles': [ '3.2.1' ],
350 silly audit   'escape-string-regexp': [ '1.0.5' ],
350 silly audit   'supports-color': [ '5.5.0' ],
350 silly audit   'color-convert': [ '1.9.3' ],
350 silly audit   'color-name': [ '1.1.3' ],
350 silly audit   'find-up': [ '2.1.0' ],
350 silly audit   'load-json-file': [ '4.0.0' ],
350 silly audit   'locate-path': [ '2.0.0' ],
350 silly audit   'graceful-fs': [ '4.2.11' ],
350 silly audit   'parse-json': [ '4.0.0' ],
350 silly audit   pify: [ '3.0.0' ],
350 silly audit   'strip-bom': [ '3.0.0' ],
350 silly audit   'p-locate': [ '2.0.0' ],
350 silly audit   'path-exists': [ '3.0.0' ],
350 silly audit   'p-limit': [ '1.3.0' ],
350 silly audit   'p-try': [ '1.0.0' ],
350 silly audit   'error-ex': [ '1.3.2' ],
350 silly audit   'json-parse-better-errors': [ '1.0.2' ],
350 silly audit   'is-arrayish': [ '0.2.1' ],
350 silly audit   'has-flag': [ '3.0.0' ],
350 silly audit   'media-typer': [ '0.3.0' ]
350 silly audit }
351 http fetch POST 200 https://registry.npmjs.org/-/npm/v1/security/advisories/bulk 298ms
352 silly audit report {}
353 verbose exit 0
354 info ok
