0 verbose cli C:\Program Files\nodejs\node.exe C:\Users\andro\AppData\Roaming\npm\node_modules\npm\bin\npm-cli.js
1 info using npm@10.7.0
2 info using node@v20.12.2
3 silly config:load:file:C:\Users\andro\AppData\Roaming\npm\node_modules\npm\npmrc
4 silly config:load:file:c:\Users\andro\Documents\shipping-services\.npmrc
5 silly config:load:file:C:\Users\andro\.npmrc
6 silly config:load:file:C:\Users\andro\AppData\Roaming\npm\etc\npmrc
7 verbose title npm install @types/morgan
8 verbose argv "install" "--ignore-scripts" "@types/morgan" "--save-dev" "--user-agent" "typesInstaller/5.4.5"
9 verbose logfile logs-max:10 dir:c:\Users\andro\Documents\shipping-services\npm-cache\_logs\2024-06-08T03_49_01_853Z-
10 verbose logfile c:\Users\andro\Documents\shipping-services\npm-cache\_logs\2024-06-08T03_49_01_853Z-debug-0.log
11 silly logfile start cleaning logs, removing 2 files
12 silly idealTree buildDeps
13 silly fetch manifest @types/morgan@^1.9.9
14 silly logfile done cleaning log files
15 http fetch GET 200 https://registry.npmjs.org/@types%2fmorgan 34ms (cache hit)
16 silly placeDep ROOT @types/morgan@1.9.9 REPLACE for: shipping-services@1.0.0 want: ^1.9.9
17 silly reify moves {}
18 silly audit bulk request {
18 silly audit   '@types/body-parser': [ '1.19.5' ],
18 silly audit   '@types/connect': [ '3.4.38' ],
18 silly audit   '@types/express': [ '4.17.21' ],
18 silly audit   '@types/express-serve-static-core': [ '4.19.3' ],
18 silly audit   '@types/http-errors': [ '2.0.4' ],
18 silly audit   '@types/mime': [ '1.3.5' ],
18 silly audit   '@types/node': [ '20.14.2' ],
18 silly audit   '@types/qs': [ '6.9.15' ],
18 silly audit   '@types/range-parser': [ '1.2.7' ],
18 silly audit   '@types/send': [ '0.17.4' ],
18 silly audit   '@types/serve-static': [ '1.15.7' ],
18 silly audit   '@types/signale': [ '1.4.7' ],
18 silly audit   accepts: [ '1.3.8' ],
18 silly audit   'ansi-styles': [ '3.2.1' ],
18 silly audit   'array-flatten': [ '1.1.1' ],
18 silly audit   'basic-auth': [ '2.0.1' ],
18 silly audit   'safe-buffer': [ '5.1.2', '5.2.1' ],
18 silly audit   'body-parser': [ '1.20.2' ],
18 silly audit   bytes: [ '3.1.2' ],
18 silly audit   'call-bind': [ '1.0.7' ],
18 silly audit   chalk: [ '2.4.2' ],
18 silly audit   'color-convert': [ '1.9.3' ],
18 silly audit   'color-name': [ '1.1.3' ],
18 silly audit   'content-disposition': [ '0.5.4' ],
18 silly audit   'content-type': [ '1.0.5' ],
18 silly audit   cookie: [ '0.6.0' ],
18 silly audit   'cookie-signature': [ '1.0.6' ],
18 silly audit   debug: [ '2.6.9' ],
18 silly audit   'define-data-property': [ '1.1.4' ],
18 silly audit   depd: [ '2.0.0' ],
18 silly audit   destroy: [ '1.2.0' ],
18 silly audit   dotenv: [ '16.4.5' ],
18 silly audit   'ee-first': [ '1.1.1' ],
18 silly audit   encodeurl: [ '1.0.2' ],
18 silly audit   'error-ex': [ '1.3.2' ],
18 silly audit   'es-define-property': [ '1.0.0' ],
18 silly audit   'es-errors': [ '1.3.0' ],
18 silly audit   'escape-html': [ '1.0.3' ],
18 silly audit   'escape-string-regexp': [ '1.0.5' ],
18 silly audit   etag: [ '1.8.1' ],
18 silly audit   express: [ '4.19.2' ],
18 silly audit   figures: [ '2.0.0' ],
18 silly audit   finalhandler: [ '1.2.0' ],
18 silly audit   'find-up': [ '2.1.0' ],
18 silly audit   forwarded: [ '0.2.0' ],
18 silly audit   fresh: [ '0.5.2' ],
18 silly audit   'function-bind': [ '1.1.2' ],
18 silly audit   'get-intrinsic': [ '1.2.4' ],
18 silly audit   gopd: [ '1.0.1' ],
18 silly audit   'graceful-fs': [ '4.2.11' ],
18 silly audit   'has-flag': [ '3.0.0' ],
18 silly audit   'has-property-descriptors': [ '1.0.2' ],
18 silly audit   'has-proto': [ '1.0.3' ],
18 silly audit   'has-symbols': [ '1.0.3' ],
18 silly audit   hasown: [ '2.0.2' ],
18 silly audit   'http-errors': [ '2.0.0' ],
18 silly audit   'iconv-lite': [ '0.4.24' ],
18 silly audit   inherits: [ '2.0.4' ],
18 silly audit   'ipaddr.js': [ '1.9.1' ],
18 silly audit   'is-arrayish': [ '0.2.1' ],
18 silly audit   'json-parse-better-errors': [ '1.0.2' ],
18 silly audit   'load-json-file': [ '4.0.0' ],
18 silly audit   'locate-path': [ '2.0.0' ],
18 silly audit   'media-typer': [ '0.3.0' ],
18 silly audit   'merge-descriptors': [ '1.0.1' ],
18 silly audit   methods: [ '1.1.2' ],
18 silly audit   mime: [ '1.6.0' ],
18 silly audit   'mime-db': [ '1.52.0' ],
18 silly audit   'mime-types': [ '2.1.35' ],
18 silly audit   morgan: [ '1.10.0' ],
18 silly audit   'on-finished': [ '2.3.0', '2.4.1' ],
18 silly audit   ms: [ '2.0.0', '2.1.3' ],
18 silly audit   negotiator: [ '0.6.3' ],
18 silly audit   'object-inspect': [ '1.13.1' ],
18 silly audit   'on-headers': [ '1.0.2' ],
18 silly audit   'p-limit': [ '1.3.0' ],
18 silly audit   'p-locate': [ '2.0.0' ],
18 silly audit   'p-try': [ '1.0.0' ],
18 silly audit   'parse-json': [ '4.0.0' ],
18 silly audit   parseurl: [ '1.3.3' ],
18 silly audit   'path-exists': [ '3.0.0' ],
18 silly audit   'path-to-regexp': [ '0.1.7' ],
18 silly audit   pify: [ '3.0.0' ],
18 silly audit   'pkg-conf': [ '2.1.0' ],
18 silly audit   'proxy-addr': [ '2.0.7' ],
18 silly audit   qs: [ '6.11.0' ],
18 silly audit   'range-parser': [ '1.2.1' ],
18 silly audit   'raw-body': [ '2.5.2' ],
18 silly audit   'safer-buffer': [ '2.1.2' ],
18 silly audit   send: [ '0.18.0' ],
18 silly audit   'serve-static': [ '1.15.0' ],
18 silly audit   'set-function-length': [ '1.2.2' ],
18 silly audit   setprototypeof: [ '1.2.0' ],
18 silly audit   'side-channel': [ '1.0.6' ],
18 silly audit   signale: [ '1.4.0' ],
18 silly audit   statuses: [ '2.0.1' ],
18 silly audit   'strip-bom': [ '3.0.0' ],
18 silly audit   'supports-color': [ '5.5.0' ],
18 silly audit   toidentifier: [ '1.0.1' ],
18 silly audit   'type-is': [ '1.6.18' ],
18 silly audit   'undici-types': [ '5.26.5' ],
18 silly audit   unpipe: [ '1.0.0' ],
18 silly audit   'utils-merge': [ '1.0.1' ],
18 silly audit   vary: [ '1.1.2' ],
18 silly audit   '@types/morgan': [ '1.9.9' ]
18 silly audit }
19 http fetch POST 200 https://registry.npmjs.org/-/npm/v1/security/advisories/bulk 520ms
20 silly audit report {}
21 verbose exit 0
22 info ok
