0 verbose cli C:\Program Files\nodejs\node.exe C:\Users\andro\AppData\Roaming\npm\node_modules\npm\bin\npm-cli.js
1 info using npm@10.7.0
2 info using node@v20.12.2
3 silly config:load:file:C:\Users\andro\AppData\Roaming\npm\node_modules\npm\npmrc
4 silly config:load:file:C:\Users\andro\Documents\shipping-services\.npmrc
5 silly config:load:file:C:\Users\andro\.npmrc
6 silly config:load:file:C:\Users\andro\AppData\Roaming\npm\etc\npmrc
7 verbose title npm i signale
8 verbose argv "i" "signale"
9 verbose logfile logs-max:10 dir:C:\Users\andro\Documents\shipping-services\npm-cache\_logs\2024-06-08T03_48_41_846Z-
10 verbose logfile C:\Users\andro\Documents\shipping-services\npm-cache\_logs\2024-06-08T03_48_41_846Z-debug-0.log
11 silly logfile start cleaning logs, removing 2 files
12 silly logfile done cleaning log files
13 silly idealTree buildDeps
14 silly fetch manifest signale@*
15 http fetch GET 200 https://registry.npmjs.org/signale 680ms (cache miss)
16 silly placeDep ROOT signale@1.4.0 OK for: shipping-services@1.0.0 want: *
17 silly fetch manifest chalk@^2.3.2
18 silly fetch manifest figures@^2.0.0
19 silly fetch manifest pkg-conf@^2.1.0
20 http fetch GET 200 https://registry.npmjs.org/chalk 196ms (cache miss)
21 http fetch GET 200 https://registry.npmjs.org/pkg-conf 503ms (cache miss)
22 http fetch GET 200 https://registry.npmjs.org/figures 520ms (cache miss)
23 silly placeDep ROOT chalk@2.4.2 OK for: signale@1.4.0 want: ^2.3.2
24 silly placeDep ROOT figures@2.0.0 OK for: signale@1.4.0 want: ^2.0.0
25 silly placeDep ROOT pkg-conf@2.1.0 OK for: signale@1.4.0 want: ^2.1.0
26 silly fetch manifest ansi-styles@^3.2.1
27 silly fetch manifest escape-string-regexp@^1.0.5
28 silly fetch manifest supports-color@^5.3.0
29 silly fetch manifest find-up@^2.0.0
30 silly fetch manifest load-json-file@^4.0.0
31 http fetch GET 200 https://registry.npmjs.org/escape-string-regexp 170ms (cache miss)
32 http fetch GET 200 https://registry.npmjs.org/ansi-styles 175ms (cache miss)
33 http fetch GET 200 https://registry.npmjs.org/supports-color 182ms (cache miss)
34 http fetch GET 200 https://registry.npmjs.org/find-up 481ms (cache miss)
35 http fetch GET 200 https://registry.npmjs.org/load-json-file 502ms (cache miss)
36 silly placeDep ROOT ansi-styles@3.2.1 OK for: chalk@2.4.2 want: ^3.2.1
37 silly placeDep ROOT escape-string-regexp@1.0.5 OK for: chalk@2.4.2 want: ^1.0.5
38 silly placeDep ROOT supports-color@5.5.0 OK for: chalk@2.4.2 want: ^5.3.0
39 silly fetch manifest color-convert@^1.9.0
40 silly fetch manifest has-flag@^3.0.0
41 http fetch GET 200 https://registry.npmjs.org/has-flag 121ms (cache miss)
42 http fetch GET 200 https://registry.npmjs.org/color-convert 139ms (cache miss)
43 silly placeDep ROOT color-convert@1.9.3 OK for: ansi-styles@3.2.1 want: ^1.9.0
44 silly fetch manifest color-name@1.1.3
45 http fetch GET 200 https://registry.npmjs.org/color-name 145ms (cache miss)
46 silly placeDep ROOT color-name@1.1.3 OK for: color-convert@1.9.3 want: 1.1.3
47 silly placeDep ROOT find-up@2.1.0 OK for: pkg-conf@2.1.0 want: ^2.0.0
48 silly placeDep ROOT load-json-file@4.0.0 OK for: pkg-conf@2.1.0 want: ^4.0.0
49 silly fetch manifest locate-path@^2.0.0
50 silly fetch manifest graceful-fs@^4.1.2
51 silly fetch manifest parse-json@^4.0.0
52 silly fetch manifest pify@^3.0.0
53 silly fetch manifest strip-bom@^3.0.0
54 http fetch GET 200 https://registry.npmjs.org/locate-path 138ms (cache miss)
55 http fetch GET 200 https://registry.npmjs.org/strip-bom 169ms (cache miss)
56 http fetch GET 200 https://registry.npmjs.org/pify 171ms (cache miss)
57 http fetch GET 200 https://registry.npmjs.org/parse-json 196ms (cache miss)
58 http fetch GET 200 https://registry.npmjs.org/graceful-fs 203ms (cache miss)
59 silly placeDep ROOT locate-path@2.0.0 OK for: find-up@2.1.0 want: ^2.0.0
60 silly fetch manifest p-locate@^2.0.0
61 silly fetch manifest path-exists@^3.0.0
62 http fetch GET 200 https://registry.npmjs.org/path-exists 116ms (cache miss)
63 http fetch GET 200 https://registry.npmjs.org/p-locate 132ms (cache miss)
64 silly placeDep ROOT graceful-fs@4.2.11 OK for: load-json-file@4.0.0 want: ^4.1.2
65 silly placeDep ROOT parse-json@4.0.0 OK for: load-json-file@4.0.0 want: ^4.0.0
66 silly placeDep ROOT pify@3.0.0 OK for: load-json-file@4.0.0 want: ^3.0.0
67 silly placeDep ROOT strip-bom@3.0.0 OK for: load-json-file@4.0.0 want: ^3.0.0
68 silly fetch manifest error-ex@^1.3.1
69 silly fetch manifest json-parse-better-errors@^1.0.1
70 http fetch GET 200 https://registry.npmjs.org/error-ex 119ms (cache miss)
71 http fetch GET 200 https://registry.npmjs.org/json-parse-better-errors 140ms (cache miss)
72 silly placeDep ROOT p-locate@2.0.0 OK for: locate-path@2.0.0 want: ^2.0.0
73 silly placeDep ROOT path-exists@3.0.0 OK for: locate-path@2.0.0 want: ^3.0.0
74 silly fetch manifest p-limit@^1.1.0
75 http fetch GET 200 https://registry.npmjs.org/p-limit 152ms (cache miss)
76 silly placeDep ROOT p-limit@1.3.0 OK for: p-locate@2.0.0 want: ^1.1.0
77 silly fetch manifest p-try@^1.0.0
78 http fetch GET 200 https://registry.npmjs.org/p-try 139ms (cache miss)
79 silly placeDep ROOT p-try@1.0.0 OK for: p-limit@1.3.0 want: ^1.0.0
80 silly placeDep ROOT error-ex@1.3.2 OK for: parse-json@4.0.0 want: ^1.3.1
81 silly placeDep ROOT json-parse-better-errors@1.0.2 OK for: parse-json@4.0.0 want: ^1.0.1
82 silly fetch manifest is-arrayish@^0.2.1
83 http fetch GET 200 https://registry.npmjs.org/is-arrayish 142ms (cache miss)
84 silly placeDep ROOT is-arrayish@0.2.1 OK for: error-ex@1.3.2 want: ^0.2.1
85 silly placeDep ROOT has-flag@3.0.0 OK for: supports-color@5.5.0 want: ^3.0.0
86 silly reify moves {}
87 silly audit bulk request {
87 silly audit   '@types/body-parser': [ '1.19.5' ],
87 silly audit   '@types/connect': [ '3.4.38' ],
87 silly audit   '@types/express': [ '4.17.21' ],
87 silly audit   '@types/express-serve-static-core': [ '4.19.3' ],
87 silly audit   '@types/http-errors': [ '2.0.4' ],
87 silly audit   '@types/mime': [ '1.3.5' ],
87 silly audit   '@types/node': [ '20.14.2' ],
87 silly audit   '@types/qs': [ '6.9.15' ],
87 silly audit   '@types/range-parser': [ '1.2.7' ],
87 silly audit   '@types/send': [ '0.17.4' ],
87 silly audit   '@types/serve-static': [ '1.15.7' ],
87 silly audit   accepts: [ '1.3.8' ],
87 silly audit   'array-flatten': [ '1.1.1' ],
87 silly audit   'basic-auth': [ '2.0.1' ],
87 silly audit   'safe-buffer': [ '5.1.2', '5.2.1' ],
87 silly audit   'body-parser': [ '1.20.2' ],
87 silly audit   bytes: [ '3.1.2' ],
87 silly audit   'call-bind': [ '1.0.7' ],
87 silly audit   'content-disposition': [ '0.5.4' ],
87 silly audit   'content-type': [ '1.0.5' ],
87 silly audit   cookie: [ '0.6.0' ],
87 silly audit   'cookie-signature': [ '1.0.6' ],
87 silly audit   debug: [ '2.6.9' ],
87 silly audit   'define-data-property': [ '1.1.4' ],
87 silly audit   depd: [ '2.0.0' ],
87 silly audit   destroy: [ '1.2.0' ],
87 silly audit   dotenv: [ '16.4.5' ],
87 silly audit   'ee-first': [ '1.1.1' ],
87 silly audit   encodeurl: [ '1.0.2' ],
87 silly audit   'es-define-property': [ '1.0.0' ],
87 silly audit   'es-errors': [ '1.3.0' ],
87 silly audit   'escape-html': [ '1.0.3' ],
87 silly audit   etag: [ '1.8.1' ],
87 silly audit   express: [ '4.19.2' ],
87 silly audit   finalhandler: [ '1.2.0' ],
87 silly audit   forwarded: [ '0.2.0' ],
87 silly audit   fresh: [ '0.5.2' ],
87 silly audit   'function-bind': [ '1.1.2' ],
87 silly audit   'get-intrinsic': [ '1.2.4' ],
87 silly audit   gopd: [ '1.0.1' ],
87 silly audit   'has-property-descriptors': [ '1.0.2' ],
87 silly audit   'has-proto': [ '1.0.3' ],
87 silly audit   'has-symbols': [ '1.0.3' ],
87 silly audit   hasown: [ '2.0.2' ],
87 silly audit   'http-errors': [ '2.0.0' ],
87 silly audit   'iconv-lite': [ '0.4.24' ],
87 silly audit   inherits: [ '2.0.4' ],
87 silly audit   'ipaddr.js': [ '1.9.1' ],
87 silly audit   'media-typer': [ '0.3.0' ],
87 silly audit   'merge-descriptors': [ '1.0.1' ],
87 silly audit   methods: [ '1.1.2' ],
87 silly audit   mime: [ '1.6.0' ],
87 silly audit   'mime-db': [ '1.52.0' ],
87 silly audit   'mime-types': [ '2.1.35' ],
87 silly audit   morgan: [ '1.10.0' ],
87 silly audit   'on-finished': [ '2.3.0', '2.4.1' ],
87 silly audit   ms: [ '2.0.0', '2.1.3' ],
87 silly audit   negotiator: [ '0.6.3' ],
87 silly audit   'object-inspect': [ '1.13.1' ],
87 silly audit   'on-headers': [ '1.0.2' ],
87 silly audit   parseurl: [ '1.3.3' ],
87 silly audit   'path-to-regexp': [ '0.1.7' ],
87 silly audit   'proxy-addr': [ '2.0.7' ],
87 silly audit   qs: [ '6.11.0' ],
87 silly audit   'range-parser': [ '1.2.1' ],
87 silly audit   'raw-body': [ '2.5.2' ],
87 silly audit   'safer-buffer': [ '2.1.2' ],
87 silly audit   send: [ '0.18.0' ],
87 silly audit   'serve-static': [ '1.15.0' ],
87 silly audit   'set-function-length': [ '1.2.2' ],
87 silly audit   setprototypeof: [ '1.2.0' ],
87 silly audit   'side-channel': [ '1.0.6' ],
87 silly audit   statuses: [ '2.0.1' ],
87 silly audit   toidentifier: [ '1.0.1' ],
87 silly audit   'type-is': [ '1.6.18' ],
87 silly audit   'undici-types': [ '5.26.5' ],
87 silly audit   unpipe: [ '1.0.0' ],
87 silly audit   'utils-merge': [ '1.0.1' ],
87 silly audit   vary: [ '1.1.2' ],
87 silly audit   signale: [ '1.4.0' ],
87 silly audit   chalk: [ '2.4.2' ],
87 silly audit   figures: [ '2.0.0' ],
87 silly audit   'pkg-conf': [ '2.1.0' ],
87 silly audit   'ansi-styles': [ '3.2.1' ],
87 silly audit   'escape-string-regexp': [ '1.0.5' ],
87 silly audit   'supports-color': [ '5.5.0' ],
87 silly audit   'color-convert': [ '1.9.3' ],
87 silly audit   'color-name': [ '1.1.3' ],
87 silly audit   'find-up': [ '2.1.0' ],
87 silly audit   'load-json-file': [ '4.0.0' ],
87 silly audit   'locate-path': [ '2.0.0' ],
87 silly audit   'graceful-fs': [ '4.2.11' ],
87 silly audit   'parse-json': [ '4.0.0' ],
87 silly audit   pify: [ '3.0.0' ],
87 silly audit   'strip-bom': [ '3.0.0' ],
87 silly audit   'p-locate': [ '2.0.0' ],
87 silly audit   'path-exists': [ '3.0.0' ],
87 silly audit   'p-limit': [ '1.3.0' ],
87 silly audit   'p-try': [ '1.0.0' ],
87 silly audit   'error-ex': [ '1.3.2' ],
87 silly audit   'json-parse-better-errors': [ '1.0.2' ],
87 silly audit   'is-arrayish': [ '0.2.1' ],
87 silly audit   'has-flag': [ '3.0.0' ]
87 silly audit }
88 silly tarball no local data for has-flag@https://registry.npmjs.org/has-flag/-/has-flag-3.0.0.tgz. Extracting by manifest.
89 silly tarball no local data for error-ex@https://registry.npmjs.org/error-ex/-/error-ex-1.3.2.tgz. Extracting by manifest.
90 silly tarball no local data for is-arrayish@https://registry.npmjs.org/is-arrayish/-/is-arrayish-0.2.1.tgz. Extracting by manifest.
91 silly tarball no local data for p-try@https://registry.npmjs.org/p-try/-/p-try-1.0.0.tgz. Extracting by manifest.
92 silly tarball no local data for json-parse-better-errors@https://registry.npmjs.org/json-parse-better-errors/-/json-parse-better-errors-1.0.2.tgz. Extracting by manifest.
93 silly tarball no local data for path-exists@https://registry.npmjs.org/path-exists/-/path-exists-3.0.0.tgz. Extracting by manifest.
94 silly tarball no local data for p-locate@https://registry.npmjs.org/p-locate/-/p-locate-2.0.0.tgz. Extracting by manifest.
95 silly tarball no local data for strip-bom@https://registry.npmjs.org/strip-bom/-/strip-bom-3.0.0.tgz. Extracting by manifest.
96 silly tarball no local data for pify@https://registry.npmjs.org/pify/-/pify-3.0.0.tgz. Extracting by manifest.
97 silly tarball no local data for p-limit@https://registry.npmjs.org/p-limit/-/p-limit-1.3.0.tgz. Extracting by manifest.
98 silly tarball no local data for parse-json@https://registry.npmjs.org/parse-json/-/parse-json-4.0.0.tgz. Extracting by manifest.
99 silly tarball no local data for locate-path@https://registry.npmjs.org/locate-path/-/locate-path-2.0.0.tgz. Extracting by manifest.
100 silly tarball no local data for graceful-fs@https://registry.npmjs.org/graceful-fs/-/graceful-fs-4.2.11.tgz. Extracting by manifest.
101 silly tarball no local data for find-up@https://registry.npmjs.org/find-up/-/find-up-2.1.0.tgz. Extracting by manifest.
102 silly tarball no local data for load-json-file@https://registry.npmjs.org/load-json-file/-/load-json-file-4.0.0.tgz. Extracting by manifest.
103 silly tarball no local data for color-name@https://registry.npmjs.org/color-name/-/color-name-1.1.3.tgz. Extracting by manifest.
104 silly tarball no local data for color-convert@https://registry.npmjs.org/color-convert/-/color-convert-1.9.3.tgz. Extracting by manifest.
105 silly tarball no local data for supports-color@https://registry.npmjs.org/supports-color/-/supports-color-5.5.0.tgz. Extracting by manifest.
106 silly tarball no local data for ansi-styles@https://registry.npmjs.org/ansi-styles/-/ansi-styles-3.2.1.tgz. Extracting by manifest.
107 silly tarball no local data for pkg-conf@https://registry.npmjs.org/pkg-conf/-/pkg-conf-2.1.0.tgz. Extracting by manifest.
108 silly tarball no local data for chalk@https://registry.npmjs.org/chalk/-/chalk-2.4.2.tgz. Extracting by manifest.
109 silly tarball no local data for escape-string-regexp@https://registry.npmjs.org/escape-string-regexp/-/escape-string-regexp-1.0.5.tgz. Extracting by manifest.
110 silly tarball no local data for figures@https://registry.npmjs.org/figures/-/figures-2.0.0.tgz. Extracting by manifest.
111 silly tarball no local data for signale@https://registry.npmjs.org/signale/-/signale-1.4.0.tgz. Extracting by manifest.
112 http fetch GET 200 https://registry.npmjs.org/p-try/-/p-try-1.0.0.tgz 152ms (cache miss)
113 http fetch POST 200 https://registry.npmjs.org/-/npm/v1/security/advisories/bulk 165ms
114 silly audit report {}
115 http fetch GET 200 https://registry.npmjs.org/has-flag/-/has-flag-3.0.0.tgz 154ms (cache miss)
116 http fetch GET 200 https://registry.npmjs.org/error-ex/-/error-ex-1.3.2.tgz 155ms (cache miss)
117 http fetch GET 200 https://registry.npmjs.org/is-arrayish/-/is-arrayish-0.2.1.tgz 192ms (cache miss)
118 http fetch GET 200 https://registry.npmjs.org/load-json-file/-/load-json-file-4.0.0.tgz 265ms (cache miss)
119 http fetch GET 200 https://registry.npmjs.org/color-name/-/color-name-1.1.3.tgz 266ms (cache miss)
120 http fetch GET 200 https://registry.npmjs.org/supports-color/-/supports-color-5.5.0.tgz 278ms (cache miss)
121 http fetch GET 200 https://registry.npmjs.org/color-convert/-/color-convert-1.9.3.tgz 285ms (cache miss)
122 http fetch GET 200 https://registry.npmjs.org/ansi-styles/-/ansi-styles-3.2.1.tgz 293ms (cache miss)
123 http fetch GET 200 https://registry.npmjs.org/escape-string-regexp/-/escape-string-regexp-1.0.5.tgz 398ms (cache miss)
124 http fetch GET 200 https://registry.npmjs.org/pkg-conf/-/pkg-conf-2.1.0.tgz 400ms (cache miss)
125 http fetch GET 200 https://registry.npmjs.org/figures/-/figures-2.0.0.tgz 400ms (cache miss)
126 http fetch GET 200 https://registry.npmjs.org/chalk/-/chalk-2.4.2.tgz 402ms (cache miss)
127 http fetch GET 200 https://registry.npmjs.org/path-exists/-/path-exists-3.0.0.tgz 436ms (cache miss)
128 http fetch GET 200 https://registry.npmjs.org/find-up/-/find-up-2.1.0.tgz 446ms (cache miss)
129 http fetch GET 200 https://registry.npmjs.org/p-limit/-/p-limit-1.3.0.tgz 455ms (cache miss)
130 http fetch GET 200 https://registry.npmjs.org/signale/-/signale-1.4.0.tgz 450ms (cache miss)
131 http fetch GET 200 https://registry.npmjs.org/locate-path/-/locate-path-2.0.0.tgz 468ms (cache miss)
132 http fetch GET 200 https://registry.npmjs.org/pify/-/pify-3.0.0.tgz 491ms (cache miss)
133 http fetch GET 200 https://registry.npmjs.org/p-locate/-/p-locate-2.0.0.tgz 499ms (cache miss)
134 http fetch GET 200 https://registry.npmjs.org/strip-bom/-/strip-bom-3.0.0.tgz 519ms (cache miss)
135 http fetch GET 200 https://registry.npmjs.org/json-parse-better-errors/-/json-parse-better-errors-1.0.2.tgz 524ms (cache miss)
136 http fetch GET 200 https://registry.npmjs.org/parse-json/-/parse-json-4.0.0.tgz 521ms (cache miss)
137 http fetch GET 200 https://registry.npmjs.org/graceful-fs/-/graceful-fs-4.2.11.tgz 523ms (cache miss)
138 silly ADD node_modules/has-flag
139 silly ADD node_modules/is-arrayish
140 silly ADD node_modules/json-parse-better-errors
141 silly ADD node_modules/error-ex
142 silly ADD node_modules/p-try
143 silly ADD node_modules/p-limit
144 silly ADD node_modules/path-exists
145 silly ADD node_modules/p-locate
146 silly ADD node_modules/strip-bom
147 silly ADD node_modules/pify
148 silly ADD node_modules/parse-json
149 silly ADD node_modules/graceful-fs
150 silly ADD node_modules/locate-path
151 silly ADD node_modules/load-json-file
152 silly ADD node_modules/find-up
153 silly ADD node_modules/color-name
154 silly ADD node_modules/color-convert
155 silly ADD node_modules/supports-color
156 silly ADD node_modules/escape-string-regexp
157 silly ADD node_modules/ansi-styles
158 silly ADD node_modules/pkg-conf
159 silly ADD node_modules/figures
160 silly ADD node_modules/chalk
161 silly ADD node_modules/signale
162 verbose exit 0
163 info ok
