0 verbose cli C:\Program Files\nodejs\node.exe C:\Users\andro\AppData\Roaming\npm\node_modules\npm\bin\npm-cli.js
1 info using npm@10.7.0
2 info using node@v20.12.2
3 silly config:load:file:C:\Users\andro\AppData\Roaming\npm\node_modules\npm\npmrc
4 silly config:load:file:C:\Users\andro\AppData\Local\Temp\exhort_Y3xxy5\.npmrc
5 silly config:load:file:C:\Users\andro\.npmrc
6 silly config:load:file:C:\Users\andro\AppData\Local\Temp\exhort_Y3xxy5\etc\npmrc
7 verbose title npm i
8 verbose argv "i" "--package-lock-only" "--prefix" "C:\\Users\\andro\\AppData\\Local\\Temp\\exhort_Y3xxy5"
9 verbose logfile logs-max:10 dir:c:\Users\andro\Documents\shipping-services\npm-cache\_logs\2024-06-14T00_35_19_467Z-
10 verbose logfile c:\Users\andro\Documents\shipping-services\npm-cache\_logs\2024-06-14T00_35_19_467Z-debug-0.log
11 silly logfile start cleaning logs, removing 3 files
12 silly logfile done cleaning log files
13 silly idealTree buildDeps
14 silly fetch manifest @types/mysql@^2.15.26
15 http fetch GET 200 https://registry.npmjs.org/@types%2fmysql 1537ms (cache revalidated)
16 silly fetch manifest dotenv@^16.4.5
17 http fetch GET 200 https://registry.npmjs.org/dotenv 178ms (cache revalidated)
18 silly fetch manifest express@^4.19.2
19 http fetch GET 200 https://registry.npmjs.org/express 276ms (cache revalidated)
20 silly fetch manifest morgan@^1.10.0
21 http fetch GET 200 https://registry.npmjs.org/morgan 206ms (cache revalidated)
22 silly fetch manifest mysql@^2.18.1
23 http fetch GET 200 https://registry.npmjs.org/mysql 134ms (cache revalidated)
24 silly fetch manifest signale@^1.4.0
25 http fetch GET 200 https://registry.npmjs.org/signale 394ms (cache revalidated)
26 silly fetch manifest uuid@^10.0.0
27 http fetch GET 200 https://registry.npmjs.org/uuid 147ms (cache revalidated)
28 silly fetch manifest @types/express@^4.17.21
29 http fetch GET 200 https://registry.npmjs.org/@types%2fexpress 256ms (cache revalidated)
30 silly fetch manifest @types/morgan@^1.9.9
31 http fetch GET 200 https://registry.npmjs.org/@types%2fmorgan 636ms (cache revalidated)
32 silly fetch manifest @types/signale@^1.4.7
33 http fetch GET 200 https://registry.npmjs.org/@types%2fsignale 719ms (cache revalidated)
34 silly fetch manifest typescript@^4.5.4
35 http fetch GET 200 https://registry.npmjs.org/typescript 248ms (cache revalidated)
36 silly placeDep ROOT @types/express@4.17.21 OK for: shipping-services@1.0.0 want: ^4.17.21
37 silly placeDep ROOT @types/morgan@1.9.9 OK for: shipping-services@1.0.0 want: ^1.9.9
38 silly placeDep ROOT @types/mysql@2.15.26 OK for: shipping-services@1.0.0 want: ^2.15.26
39 silly placeDep ROOT @types/signale@1.4.7 OK for: shipping-services@1.0.0 want: ^1.4.7
40 silly placeDep ROOT dotenv@16.4.5 OK for: shipping-services@1.0.0 want: ^16.4.5
41 silly placeDep ROOT express@4.19.2 OK for: shipping-services@1.0.0 want: ^4.19.2
42 silly placeDep ROOT morgan@1.10.0 OK for: shipping-services@1.0.0 want: ^1.10.0
43 silly placeDep ROOT mysql@2.18.1 OK for: shipping-services@1.0.0 want: ^2.18.1
44 silly placeDep ROOT shipping-services@1.0.0 OK for: shipping-services@1.0.0 want: file:../../../../Documents/shipping-services
45 silly placeDep ROOT signale@1.4.0 OK for: shipping-services@1.0.0 want: ^1.4.0
46 silly placeDep ROOT typescript@4.9.5 OK for: shipping-services@1.0.0 want: ^4.5.4
47 silly placeDep ROOT uuid@10.0.0 OK for: shipping-services@1.0.0 want: ^10.0.0
48 silly fetch manifest @types/body-parser@*
49 silly fetch manifest @types/express-serve-static-core@^4.17.33
50 silly fetch manifest @types/qs@*
51 silly fetch manifest @types/serve-static@*
52 silly fetch manifest @types/node@*
53 silly fetch manifest qs@6.11.0
54 silly fetch manifest depd@2.0.0
55 silly fetch manifest etag@~1.8.1
56 silly fetch manifest send@0.18.0
57 silly fetch manifest vary@~1.1.2
58 silly fetch manifest debug@2.6.9
59 silly fetch manifest fresh@0.5.2
60 silly fetch manifest cookie@0.6.0
61 http fetch GET 200 https://registry.npmjs.org/@types%2fqs 537ms (cache revalidated)
62 silly fetch manifest accepts@~1.3.8
63 http fetch GET 200 https://registry.npmjs.org/accepts 113ms (cache revalidated)
64 silly fetch manifest methods@~1.1.2
65 http fetch GET 200 https://registry.npmjs.org/methods 204ms (cache revalidated)
66 silly fetch manifest type-is@~1.6.18
67 http fetch GET 200 https://registry.npmjs.org/@types%2fbody-parser 1045ms (cache revalidated)
68 silly fetch manifest parseurl@~1.3.3
69 http fetch GET 200 https://registry.npmjs.org/type-is 187ms (cache revalidated)
70 silly fetch manifest statuses@2.0.1
71 http fetch GET 200 https://registry.npmjs.org/qs 1049ms (cache revalidated)
72 silly fetch manifest encodeurl@~1.0.2
73 http fetch GET 200 https://registry.npmjs.org/depd 1057ms (cache revalidated)
74 silly fetch manifest proxy-addr@~2.0.7
75 http fetch GET 200 https://registry.npmjs.org/@types%2fserve-static 1062ms (cache revalidated)
76 silly fetch manifest body-parser@1.20.2
77 http fetch GET 200 https://registry.npmjs.org/@types%2fnode 1071ms (cache revalidated)
78 silly fetch manifest escape-html@~1.0.3
79 silly fetch manifest http-errors@2.0.0
80 silly fetch manifest on-finished@2.4.1
81 http fetch GET 200 https://registry.npmjs.org/send 1189ms (cache revalidated)
82 silly fetch manifest safe-buffer@5.2.1
83 http fetch GET 200 https://registry.npmjs.org/@types%2fexpress-serve-static-core 1203ms (cache revalidated)
84 silly fetch manifest utils-merge@1.0.1
85 http fetch GET 200 https://registry.npmjs.org/etag 1202ms (cache revalidated)
86 silly fetch manifest content-type@~1.0.4
87 http fetch GET 200 https://registry.npmjs.org/fresh 1201ms (cache revalidated)
88 silly fetch manifest finalhandler@1.2.0
89 http fetch GET 200 https://registry.npmjs.org/cookie 1201ms (cache revalidated)
90 silly fetch manifest range-parser@~1.2.1
91 http fetch GET 200 https://registry.npmjs.org/vary 1205ms (cache revalidated)
92 silly fetch manifest serve-static@1.15.0
93 http fetch GET 200 https://registry.npmjs.org/debug 1206ms (cache revalidated)
94 silly fetch manifest array-flatten@1.1.1
95 http fetch GET 200 https://registry.npmjs.org/parseurl 392ms (cache revalidated)
96 silly fetch manifest path-to-regexp@0.1.7
97 http fetch GET 200 https://registry.npmjs.org/safe-buffer 246ms (cache revalidated)
98 silly fetch manifest setprototypeof@1.2.0
99 http fetch GET 200 https://registry.npmjs.org/encodeurl 387ms (cache revalidated)
100 silly fetch manifest cookie-signature@1.0.6
101 http fetch GET 200 https://registry.npmjs.org/content-type 241ms (cache revalidated)
102 silly fetch manifest merge-descriptors@1.0.1
103 http fetch GET 200 https://registry.npmjs.org/body-parser 386ms (cache revalidated)
104 silly fetch manifest content-disposition@0.5.4
105 http fetch GET 200 https://registry.npmjs.org/statuses 407ms (cache revalidated)
106 silly fetch manifest depd@~2.0.0
107 silly fetch manifest basic-auth@~2.0.1
108 http fetch GET 200 https://registry.npmjs.org/finalhandler 251ms (cache revalidated)
109 silly fetch manifest on-headers@~1.0.2
110 http fetch GET 200 https://registry.npmjs.org/utils-merge 256ms (cache revalidated)
111 silly fetch manifest on-finished@~2.3.0
112 http fetch GET 200 https://registry.npmjs.org/on-finished 283ms (cache revalidated)
113 silly fetch manifest bignumber.js@9.0.0
114 http fetch GET 200 https://registry.npmjs.org/proxy-addr 414ms (cache revalidated)
115 silly fetch manifest readable-stream@2.3.7
116 http fetch GET 200 https://registry.npmjs.org/range-parser 268ms (cache revalidated)
117 silly fetch manifest safe-buffer@5.1.2
118 silly fetch manifest sqlstring@2.3.1
119 http fetch GET 200 https://registry.npmjs.org/escape-html 289ms (cache revalidated)
120 silly fetch manifest chalk@^2.3.2
121 http fetch GET 200 https://registry.npmjs.org/http-errors 289ms (cache revalidated)
122 silly fetch manifest figures@^2.0.0
123 http fetch GET 200 https://registry.npmjs.org/path-to-regexp 139ms (cache revalidated)
124 silly fetch manifest pkg-conf@^2.1.0
125 http fetch GET 200 https://registry.npmjs.org/merge-descriptors 183ms (cache revalidated)
126 http fetch GET 200 https://registry.npmjs.org/setprototypeof 191ms (cache revalidated)
127 http fetch GET 200 https://registry.npmjs.org/basic-auth 173ms (cache revalidated)
128 http fetch GET 200 https://registry.npmjs.org/on-headers 172ms (cache revalidated)
129 http fetch GET 200 https://registry.npmjs.org/on-finished 171ms (cache revalidated)
130 http fetch GET 200 https://registry.npmjs.org/content-disposition 183ms (cache revalidated)
131 http fetch GET 200 https://registry.npmjs.org/cookie-signature 187ms (cache revalidated)
132 http fetch GET 200 https://registry.npmjs.org/chalk 156ms (cache revalidated)
133 http fetch GET 200 https://registry.npmjs.org/readable-stream 184ms (cache revalidated)
134 http fetch GET 200 https://registry.npmjs.org/bignumber.js 196ms (cache revalidated)
135 http fetch GET 200 https://registry.npmjs.org/sqlstring 199ms (cache revalidated)
136 http fetch GET 200 https://registry.npmjs.org/figures 197ms (cache revalidated)
137 http fetch GET 200 https://registry.npmjs.org/array-flatten 663ms (cache revalidated)
138 http fetch GET 200 https://registry.npmjs.org/serve-static 696ms (cache revalidated)
139 http fetch GET 200 https://registry.npmjs.org/pkg-conf 381ms (cache revalidated)
140 silly placeDep ROOT @types/body-parser@1.19.5 OK for: @types/express@4.17.21 want: *
141 silly placeDep ROOT @types/express-serve-static-core@4.19.3 OK for: @types/express@4.17.21 want: ^4.17.33
142 silly placeDep ROOT @types/qs@6.9.15 OK for: @types/express@4.17.21 want: *
143 silly placeDep ROOT @types/serve-static@1.15.7 OK for: @types/express@4.17.21 want: *
144 silly fetch manifest @types/connect@*
145 silly fetch manifest @types/send@*
146 silly fetch manifest @types/range-parser@*
147 silly fetch manifest @types/http-errors@*
148 http fetch GET 200 https://registry.npmjs.org/@types%2fsend 176ms (cache revalidated)
149 http fetch GET 200 https://registry.npmjs.org/@types%2frange-parser 175ms (cache revalidated)
150 http fetch GET 200 https://registry.npmjs.org/@types%2fhttp-errors 176ms (cache revalidated)
151 http fetch GET 200 https://registry.npmjs.org/@types%2fconnect 197ms (cache revalidated)
152 silly placeDep ROOT @types/connect@3.4.38 OK for: @types/body-parser@1.19.5 want: *
153 silly placeDep ROOT @types/node@20.14.2 OK for: @types/body-parser@1.19.5 want: *
154 silly fetch manifest undici-types@~5.26.4
155 http fetch GET 200 https://registry.npmjs.org/undici-types 237ms (cache revalidated)
156 silly placeDep ROOT @types/range-parser@1.2.7 OK for: @types/express-serve-static-core@4.19.3 want: *
157 silly placeDep ROOT @types/send@0.17.4 OK for: @types/express-serve-static-core@4.19.3 want: *
158 silly fetch manifest @types/mime@^1
159 http fetch GET 200 https://registry.npmjs.org/@types%2fmime 585ms (cache revalidated)
160 silly placeDep ROOT undici-types@5.26.5 OK for: @types/node@20.14.2 want: ~5.26.4
161 silly placeDep ROOT @types/mime@1.3.5 OK for: @types/send@0.17.4 want: ^1
162 silly placeDep ROOT @types/http-errors@2.0.4 OK for: @types/serve-static@1.15.7 want: *
163 silly placeDep ROOT accepts@1.3.8 OK for: express@4.19.2 want: ~1.3.8
164 silly placeDep ROOT array-flatten@1.1.1 OK for: express@4.19.2 want: 1.1.1
165 silly placeDep ROOT body-parser@1.20.2 OK for: express@4.19.2 want: 1.20.2
166 silly placeDep ROOT content-disposition@0.5.4 OK for: express@4.19.2 want: 0.5.4
167 silly placeDep ROOT content-type@1.0.5 OK for: express@4.19.2 want: ~1.0.4
168 silly placeDep ROOT cookie@0.6.0 OK for: express@4.19.2 want: 0.6.0
169 silly placeDep ROOT cookie-signature@1.0.6 OK for: express@4.19.2 want: 1.0.6
170 silly placeDep ROOT debug@2.6.9 OK for: express@4.19.2 want: 2.6.9
171 silly placeDep ROOT depd@2.0.0 OK for: express@4.19.2 want: 2.0.0
172 silly placeDep ROOT encodeurl@1.0.2 OK for: express@4.19.2 want: ~1.0.2
173 silly placeDep ROOT escape-html@1.0.3 OK for: express@4.19.2 want: ~1.0.3
174 silly placeDep ROOT etag@1.8.1 OK for: express@4.19.2 want: ~1.8.1
175 silly placeDep ROOT finalhandler@1.2.0 OK for: express@4.19.2 want: 1.2.0
176 silly placeDep ROOT fresh@0.5.2 OK for: express@4.19.2 want: 0.5.2
177 silly placeDep ROOT http-errors@2.0.0 OK for: express@4.19.2 want: 2.0.0
178 silly placeDep ROOT merge-descriptors@1.0.1 OK for: express@4.19.2 want: 1.0.1
179 silly placeDep ROOT methods@1.1.2 OK for: express@4.19.2 want: ~1.1.2
180 silly placeDep ROOT on-finished@2.4.1 OK for: express@4.19.2 want: 2.4.1
181 silly placeDep ROOT parseurl@1.3.3 OK for: express@4.19.2 want: ~1.3.3
182 silly placeDep ROOT path-to-regexp@0.1.7 OK for: express@4.19.2 want: 0.1.7
183 silly placeDep ROOT proxy-addr@2.0.7 OK for: express@4.19.2 want: ~2.0.7
184 silly placeDep ROOT qs@6.11.0 OK for: express@4.19.2 want: 6.11.0
185 silly placeDep ROOT range-parser@1.2.1 OK for: express@4.19.2 want: ~1.2.1
186 silly placeDep ROOT safe-buffer@5.2.1 OK for: express@4.19.2 want: 5.2.1
187 silly placeDep ROOT send@0.18.0 OK for: express@4.19.2 want: 0.18.0
188 silly placeDep ROOT serve-static@1.15.0 OK for: express@4.19.2 want: 1.15.0
189 silly placeDep ROOT setprototypeof@1.2.0 OK for: express@4.19.2 want: 1.2.0
190 silly placeDep ROOT statuses@2.0.1 OK for: express@4.19.2 want: 2.0.1
191 silly placeDep ROOT type-is@1.6.18 OK for: express@4.19.2 want: ~1.6.18
192 silly placeDep ROOT utils-merge@1.0.1 OK for: express@4.19.2 want: 1.0.1
193 silly placeDep ROOT vary@1.1.2 OK for: express@4.19.2 want: ~1.1.2
194 silly fetch manifest mime-types@~2.1.34
195 silly fetch manifest negotiator@0.6.3
196 silly fetch manifest bytes@3.1.2
197 silly fetch manifest unpipe@1.0.0
198 silly fetch manifest destroy@1.2.0
199 silly fetch manifest raw-body@2.5.2
200 silly fetch manifest iconv-lite@0.4.24
201 silly fetch manifest content-type@~1.0.5
202 silly fetch manifest ms@2.0.0
203 silly fetch manifest unpipe@~1.0.0
204 silly fetch manifest inherits@2.0.4
205 silly fetch manifest toidentifier@1.0.1
206 silly fetch manifest ee-first@1.1.1
207 silly fetch manifest forwarded@0.2.0
208 silly fetch manifest ipaddr.js@1.9.1
209 silly fetch manifest side-channel@^1.0.4
210 http fetch GET 200 https://registry.npmjs.org/ipaddr.js 185ms (cache revalidated)
211 silly fetch manifest ms@2.1.3
212 http fetch GET 200 https://registry.npmjs.org/unpipe 194ms (cache revalidated)
213 silly fetch manifest mime@1.6.0
214 http fetch GET 200 https://registry.npmjs.org/bytes 195ms (cache revalidated)
215 http fetch GET 200 https://registry.npmjs.org/negotiator 197ms (cache revalidated)
216 silly fetch manifest media-typer@0.3.0
217 http fetch GET 200 https://registry.npmjs.org/unpipe 222ms (cache revalidated)
218 silly fetch manifest mime-types@~2.1.24
219 http fetch GET 200 https://registry.npmjs.org/ee-first 221ms (cache revalidated)
220 http fetch GET 200 https://registry.npmjs.org/inherits 223ms (cache revalidated)
221 http fetch GET 200 https://registry.npmjs.org/raw-body 227ms (cache revalidated)
222 http fetch GET 200 https://registry.npmjs.org/mime-types 230ms (cache revalidated)
223 http fetch GET 200 https://registry.npmjs.org/iconv-lite 228ms (cache revalidated)
224 http fetch GET 200 https://registry.npmjs.org/toidentifier 226ms (cache revalidated)
225 http fetch GET 200 https://registry.npmjs.org/forwarded 227ms (cache revalidated)
226 http fetch GET 200 https://registry.npmjs.org/side-channel 227ms (cache revalidated)
227 http fetch GET 200 https://registry.npmjs.org/destroy 233ms (cache revalidated)
228 http fetch GET 200 https://registry.npmjs.org/mime-types 10ms (cache hit)
229 http fetch GET 200 https://registry.npmjs.org/ms 243ms (cache revalidated)
230 http fetch GET 200 https://registry.npmjs.org/media-typer 191ms (cache revalidated)
231 http fetch GET 200 https://registry.npmjs.org/ms 195ms (cache revalidated)
232 http fetch GET 200 https://registry.npmjs.org/mime 195ms (cache revalidated)
233 silly placeDep ROOT mime-types@2.1.35 OK for: accepts@1.3.8 want: ~2.1.34
234 silly placeDep ROOT negotiator@0.6.3 OK for: accepts@1.3.8 want: 0.6.3
235 silly fetch manifest mime-db@1.52.0
236 http fetch GET 200 https://registry.npmjs.org/mime-db 162ms (cache revalidated)
237 silly placeDep ROOT bytes@3.1.2 OK for: body-parser@1.20.2 want: 3.1.2
238 silly placeDep ROOT destroy@1.2.0 OK for: body-parser@1.20.2 want: 1.2.0
239 silly placeDep ROOT iconv-lite@0.4.24 OK for: body-parser@1.20.2 want: 0.4.24
240 silly placeDep ROOT raw-body@2.5.2 OK for: body-parser@1.20.2 want: 2.5.2
241 silly placeDep ROOT unpipe@1.0.0 OK for: body-parser@1.20.2 want: 1.0.0
242 silly fetch manifest safer-buffer@>= 2.1.2 < 3
243 http fetch GET 200 https://registry.npmjs.org/safer-buffer 138ms (cache revalidated)
244 silly placeDep ROOT ms@2.0.0 OK for: debug@2.6.9 want: 2.0.0
245 silly placeDep ROOT inherits@2.0.4 OK for: http-errors@2.0.0 want: 2.0.4
246 silly placeDep ROOT toidentifier@1.0.1 OK for: http-errors@2.0.0 want: 1.0.1
247 silly placeDep ROOT safer-buffer@2.1.2 OK for: iconv-lite@0.4.24 want: >= 2.1.2 < 3
248 silly placeDep ROOT mime-db@1.52.0 OK for: mime-types@2.1.35 want: 1.52.0
249 silly placeDep ROOT basic-auth@2.0.1 OK for: morgan@1.10.0 want: ~2.0.1
250 silly placeDep node_modules/morgan on-finished@2.3.0 OK for: morgan@1.10.0 want: ~2.3.0
251 silly placeDep ROOT on-headers@1.0.2 OK for: morgan@1.10.0 want: ~1.0.2
252 silly placeDep node_modules/basic-auth safe-buffer@5.1.2 OK for: basic-auth@2.0.1 want: 5.1.2
253 silly placeDep ROOT bignumber.js@9.0.0 OK for: mysql@2.18.1 want: 9.0.0
254 silly placeDep ROOT readable-stream@2.3.7 OK for: mysql@2.18.1 want: 2.3.7
255 silly placeDep node_modules/mysql safe-buffer@5.1.2 OK for: mysql@2.18.1 want: 5.1.2
256 silly placeDep ROOT sqlstring@2.3.1 OK for: mysql@2.18.1 want: 2.3.1
257 silly fetch manifest core-util-is@~1.0.0
258 silly fetch manifest isarray@~1.0.0
259 silly fetch manifest process-nextick-args@~2.0.0
260 silly fetch manifest safe-buffer@~5.1.1
261 silly fetch manifest string_decoder@~1.1.1
262 silly fetch manifest util-deprecate@~1.0.1
263 http fetch GET 200 https://registry.npmjs.org/util-deprecate 176ms (cache revalidated)
264 http fetch GET 200 https://registry.npmjs.org/core-util-is 179ms (cache revalidated)
265 http fetch GET 200 https://registry.npmjs.org/isarray 179ms (cache revalidated)
266 http fetch GET 200 https://registry.npmjs.org/string_decoder 179ms (cache revalidated)
267 http fetch GET 200 https://registry.npmjs.org/process-nextick-args 180ms (cache revalidated)
268 silly placeDep ROOT ee-first@1.1.1 OK for: on-finished@2.4.1 want: 1.1.1
269 silly placeDep ROOT forwarded@0.2.0 OK for: proxy-addr@2.0.7 want: 0.2.0
270 silly placeDep ROOT ipaddr.js@1.9.1 OK for: proxy-addr@2.0.7 want: 1.9.1
271 silly placeDep ROOT side-channel@1.0.6 OK for: qs@6.11.0 want: ^1.0.4
272 silly fetch manifest call-bind@^1.0.7
273 silly fetch manifest es-errors@^1.3.0
274 silly fetch manifest get-intrinsic@^1.2.4
275 silly fetch manifest object-inspect@^1.13.1
276 http fetch GET 200 https://registry.npmjs.org/get-intrinsic 214ms (cache revalidated)
277 http fetch GET 200 https://registry.npmjs.org/call-bind 236ms (cache revalidated)
278 http fetch GET 200 https://registry.npmjs.org/es-errors 238ms (cache revalidated)
279 http fetch GET 200 https://registry.npmjs.org/object-inspect 251ms (cache revalidated)
280 silly placeDep ROOT core-util-is@1.0.3 OK for: readable-stream@2.3.7 want: ~1.0.0
281 silly placeDep ROOT isarray@1.0.0 OK for: readable-stream@2.3.7 want: ~1.0.0
282 silly placeDep ROOT process-nextick-args@2.0.1 OK for: readable-stream@2.3.7 want: ~2.0.0
283 silly placeDep node_modules/readable-stream safe-buffer@5.1.2 OK for: readable-stream@2.3.7 want: ~5.1.1
284 silly placeDep ROOT string_decoder@1.1.1 OK for: readable-stream@2.3.7 want: ~1.1.1
285 silly placeDep ROOT util-deprecate@1.0.2 OK for: readable-stream@2.3.7 want: ~1.0.1
286 silly fetch manifest safe-buffer@~5.1.0
287 silly placeDep ROOT mime@1.6.0 OK for: send@0.18.0 want: 1.6.0
288 silly placeDep node_modules/send ms@2.1.3 OK for: send@0.18.0 want: 2.1.3
289 silly placeDep ROOT call-bind@1.0.7 OK for: side-channel@1.0.6 want: ^1.0.7
290 silly placeDep ROOT es-errors@1.3.0 OK for: side-channel@1.0.6 want: ^1.3.0
291 silly placeDep ROOT get-intrinsic@1.2.4 OK for: side-channel@1.0.6 want: ^1.2.4
292 silly placeDep ROOT object-inspect@1.13.1 OK for: side-channel@1.0.6 want: ^1.13.1
293 silly fetch manifest es-define-property@^1.0.0
294 silly fetch manifest function-bind@^1.1.2
295 silly fetch manifest set-function-length@^1.2.1
296 silly fetch manifest has-proto@^1.0.1
297 silly fetch manifest has-symbols@^1.0.3
298 silly fetch manifest hasown@^2.0.0
299 http fetch GET 200 https://registry.npmjs.org/set-function-length 145ms (cache revalidated)
300 http fetch GET 200 https://registry.npmjs.org/has-proto 144ms (cache revalidated)
301 http fetch GET 200 https://registry.npmjs.org/es-define-property 162ms (cache revalidated)
302 http fetch GET 200 https://registry.npmjs.org/function-bind 164ms (cache revalidated)
303 http fetch GET 200 https://registry.npmjs.org/has-symbols 175ms (cache revalidated)
304 http fetch GET 200 https://registry.npmjs.org/hasown 213ms (cache revalidated)
305 silly placeDep ROOT es-define-property@1.0.0 OK for: call-bind@1.0.7 want: ^1.0.0
306 silly placeDep ROOT function-bind@1.1.2 OK for: call-bind@1.0.7 want: ^1.1.2
307 silly placeDep ROOT set-function-length@1.2.2 OK for: call-bind@1.0.7 want: ^1.2.1
308 silly fetch manifest define-data-property@^1.1.4
309 silly fetch manifest gopd@^1.0.1
310 silly fetch manifest has-property-descriptors@^1.0.2
311 http fetch GET 200 https://registry.npmjs.org/gopd 164ms (cache revalidated)
312 http fetch GET 200 https://registry.npmjs.org/define-data-property 165ms (cache revalidated)
313 http fetch GET 200 https://registry.npmjs.org/has-property-descriptors 165ms (cache revalidated)
314 silly placeDep ROOT has-proto@1.0.3 OK for: get-intrinsic@1.2.4 want: ^1.0.1
315 silly placeDep ROOT has-symbols@1.0.3 OK for: get-intrinsic@1.2.4 want: ^1.0.3
316 silly placeDep ROOT hasown@2.0.2 OK for: get-intrinsic@1.2.4 want: ^2.0.0
317 silly placeDep ROOT define-data-property@1.1.4 OK for: set-function-length@1.2.2 want: ^1.1.4
318 silly placeDep ROOT gopd@1.0.1 OK for: set-function-length@1.2.2 want: ^1.0.1
319 silly placeDep ROOT has-property-descriptors@1.0.2 OK for: set-function-length@1.2.2 want: ^1.0.2
320 silly placeDep ROOT chalk@2.4.2 OK for: signale@1.4.0 want: ^2.3.2
321 silly placeDep ROOT figures@2.0.0 OK for: signale@1.4.0 want: ^2.0.0
322 silly placeDep ROOT pkg-conf@2.1.0 OK for: signale@1.4.0 want: ^2.1.0
323 silly fetch manifest ansi-styles@^3.2.1
324 silly fetch manifest escape-string-regexp@^1.0.5
325 silly fetch manifest supports-color@^5.3.0
326 silly fetch manifest find-up@^2.0.0
327 silly fetch manifest load-json-file@^4.0.0
328 http fetch GET 200 https://registry.npmjs.org/escape-string-regexp 231ms (cache revalidated)
329 http fetch GET 200 https://registry.npmjs.org/supports-color 231ms (cache revalidated)
330 http fetch GET 200 https://registry.npmjs.org/find-up 232ms (cache revalidated)
331 http fetch GET 200 https://registry.npmjs.org/ansi-styles 234ms (cache revalidated)
332 http fetch GET 200 https://registry.npmjs.org/load-json-file 252ms (cache revalidated)
333 silly placeDep ROOT ansi-styles@3.2.1 OK for: chalk@2.4.2 want: ^3.2.1
334 silly placeDep ROOT escape-string-regexp@1.0.5 OK for: chalk@2.4.2 want: ^1.0.5
335 silly placeDep ROOT supports-color@5.5.0 OK for: chalk@2.4.2 want: ^5.3.0
336 silly fetch manifest color-convert@^1.9.0
337 silly fetch manifest has-flag@^3.0.0
338 http fetch GET 200 https://registry.npmjs.org/has-flag 290ms (cache revalidated)
339 http fetch GET 200 https://registry.npmjs.org/color-convert 291ms (cache revalidated)
340 silly placeDep ROOT color-convert@1.9.3 OK for: ansi-styles@3.2.1 want: ^1.9.0
341 silly fetch manifest color-name@1.1.3
342 http fetch GET 200 https://registry.npmjs.org/color-name 154ms (cache revalidated)
343 silly placeDep ROOT color-name@1.1.3 OK for: color-convert@1.9.3 want: 1.1.3
344 silly placeDep ROOT find-up@2.1.0 OK for: pkg-conf@2.1.0 want: ^2.0.0
345 silly placeDep ROOT load-json-file@4.0.0 OK for: pkg-conf@2.1.0 want: ^4.0.0
346 silly fetch manifest locate-path@^2.0.0
347 silly fetch manifest graceful-fs@^4.1.2
348 silly fetch manifest parse-json@^4.0.0
349 silly fetch manifest pify@^3.0.0
350 silly fetch manifest strip-bom@^3.0.0
351 http fetch GET 200 https://registry.npmjs.org/graceful-fs 145ms (cache revalidated)
352 http fetch GET 200 https://registry.npmjs.org/strip-bom 146ms (cache revalidated)
353 http fetch GET 200 https://registry.npmjs.org/pify 146ms (cache revalidated)
354 http fetch GET 200 https://registry.npmjs.org/parse-json 148ms (cache revalidated)
355 http fetch GET 200 https://registry.npmjs.org/locate-path 185ms (cache revalidated)
356 silly placeDep ROOT locate-path@2.0.0 OK for: find-up@2.1.0 want: ^2.0.0
357 silly fetch manifest p-locate@^2.0.0
358 silly fetch manifest path-exists@^3.0.0
359 http fetch GET 200 https://registry.npmjs.org/path-exists 133ms (cache revalidated)
360 http fetch GET 200 https://registry.npmjs.org/p-locate 179ms (cache revalidated)
361 silly placeDep ROOT graceful-fs@4.2.11 OK for: load-json-file@4.0.0 want: ^4.1.2
362 silly placeDep ROOT parse-json@4.0.0 OK for: load-json-file@4.0.0 want: ^4.0.0
363 silly placeDep ROOT pify@3.0.0 OK for: load-json-file@4.0.0 want: ^3.0.0
364 silly placeDep ROOT strip-bom@3.0.0 OK for: load-json-file@4.0.0 want: ^3.0.0
365 silly fetch manifest error-ex@^1.3.1
366 silly fetch manifest json-parse-better-errors@^1.0.1
367 http fetch GET 200 https://registry.npmjs.org/json-parse-better-errors 202ms (cache revalidated)
368 http fetch GET 200 https://registry.npmjs.org/error-ex 231ms (cache revalidated)
369 silly placeDep ROOT p-locate@2.0.0 OK for: locate-path@2.0.0 want: ^2.0.0
370 silly placeDep ROOT path-exists@3.0.0 OK for: locate-path@2.0.0 want: ^3.0.0
371 silly fetch manifest p-limit@^1.1.0
372 http fetch GET 200 https://registry.npmjs.org/p-limit 353ms (cache revalidated)
373 silly placeDep ROOT p-limit@1.3.0 OK for: p-locate@2.0.0 want: ^1.1.0
374 silly fetch manifest p-try@^1.0.0
375 http fetch GET 200 https://registry.npmjs.org/p-try 236ms (cache revalidated)
376 silly placeDep ROOT p-try@1.0.0 OK for: p-limit@1.3.0 want: ^1.0.0
377 silly placeDep ROOT error-ex@1.3.2 OK for: parse-json@4.0.0 want: ^1.3.1
378 silly placeDep ROOT json-parse-better-errors@1.0.2 OK for: parse-json@4.0.0 want: ^1.0.1
379 silly fetch manifest is-arrayish@^0.2.1
380 http fetch GET 200 https://registry.npmjs.org/is-arrayish 156ms (cache revalidated)
381 silly placeDep ROOT is-arrayish@0.2.1 OK for: error-ex@1.3.2 want: ^0.2.1
382 silly placeDep node_modules/string_decoder safe-buffer@5.1.2 OK for: string_decoder@1.1.1 want: ~5.1.0
383 silly placeDep ROOT has-flag@3.0.0 OK for: supports-color@5.5.0 want: ^3.0.0
384 silly placeDep ROOT media-typer@0.3.0 OK for: type-is@1.6.18 want: 0.3.0
385 silly audit bulk request {
385 silly audit   'shipping-services': [ '1.0.0' ],
385 silly audit   '@types/express': [ '4.17.21' ],
385 silly audit   '@types/morgan': [ '1.9.9' ],
385 silly audit   '@types/mysql': [ '2.15.26' ],
385 silly audit   '@types/signale': [ '1.4.7' ],
385 silly audit   dotenv: [ '16.4.5' ],
385 silly audit   express: [ '4.19.2' ],
385 silly audit   morgan: [ '1.10.0' ],
385 silly audit   mysql: [ '2.18.1' ],
385 silly audit   signale: [ '1.4.0' ],
385 silly audit   typescript: [ '4.9.5' ],
385 silly audit   uuid: [ '10.0.0' ],
385 silly audit   '@types/body-parser': [ '1.19.5' ],
385 silly audit   '@types/express-serve-static-core': [ '4.19.3' ],
385 silly audit   '@types/qs': [ '6.9.15' ],
385 silly audit   '@types/serve-static': [ '1.15.7' ],
385 silly audit   '@types/connect': [ '3.4.38' ],
385 silly audit   '@types/node': [ '20.14.2' ],
385 silly audit   '@types/range-parser': [ '1.2.7' ],
385 silly audit   '@types/send': [ '0.17.4' ],
385 silly audit   'undici-types': [ '5.26.5' ],
385 silly audit   '@types/mime': [ '1.3.5' ],
385 silly audit   '@types/http-errors': [ '2.0.4' ],
385 silly audit   accepts: [ '1.3.8' ],
385 silly audit   'array-flatten': [ '1.1.1' ],
385 silly audit   'body-parser': [ '1.20.2' ],
385 silly audit   'content-disposition': [ '0.5.4' ],
385 silly audit   'content-type': [ '1.0.5' ],
385 silly audit   cookie: [ '0.6.0' ],
385 silly audit   'cookie-signature': [ '1.0.6' ],
385 silly audit   debug: [ '2.6.9' ],
385 silly audit   depd: [ '2.0.0' ],
385 silly audit   encodeurl: [ '1.0.2' ],
385 silly audit   'escape-html': [ '1.0.3' ],
385 silly audit   etag: [ '1.8.1' ],
385 silly audit   finalhandler: [ '1.2.0' ],
385 silly audit   fresh: [ '0.5.2' ],
385 silly audit   'http-errors': [ '2.0.0' ],
385 silly audit   'merge-descriptors': [ '1.0.1' ],
385 silly audit   methods: [ '1.1.2' ],
385 silly audit   'on-finished': [ '2.4.1', '2.3.0' ],
385 silly audit   parseurl: [ '1.3.3' ],
385 silly audit   'path-to-regexp': [ '0.1.7' ],
385 silly audit   'proxy-addr': [ '2.0.7' ],
385 silly audit   qs: [ '6.11.0' ],
385 silly audit   'range-parser': [ '1.2.1' ],
385 silly audit   'safe-buffer': [ '5.2.1', '5.1.2' ],
385 silly audit   send: [ '0.18.0' ],
385 silly audit   'serve-static': [ '1.15.0' ],
385 silly audit   setprototypeof: [ '1.2.0' ],
385 silly audit   statuses: [ '2.0.1' ],
385 silly audit   'type-is': [ '1.6.18' ],
385 silly audit   'utils-merge': [ '1.0.1' ],
385 silly audit   vary: [ '1.1.2' ],
385 silly audit   'mime-types': [ '2.1.35' ],
385 silly audit   negotiator: [ '0.6.3' ],
385 silly audit   bytes: [ '3.1.2' ],
385 silly audit   destroy: [ '1.2.0' ],
385 silly audit   'iconv-lite': [ '0.4.24' ],
385 silly audit   'raw-body': [ '2.5.2' ],
385 silly audit   unpipe: [ '1.0.0' ],
385 silly audit   ms: [ '2.0.0', '2.1.3' ],
385 silly audit   inherits: [ '2.0.4' ],
385 silly audit   toidentifier: [ '1.0.1' ],
385 silly audit   'safer-buffer': [ '2.1.2' ],
385 silly audit   'mime-db': [ '1.52.0' ],
385 silly audit   'basic-auth': [ '2.0.1' ],
385 silly audit   'on-headers': [ '1.0.2' ],
385 silly audit   'bignumber.js': [ '9.0.0' ],
385 silly audit   'readable-stream': [ '2.3.7' ],
385 silly audit   sqlstring: [ '2.3.1' ],
385 silly audit   'ee-first': [ '1.1.1' ],
385 silly audit   forwarded: [ '0.2.0' ],
385 silly audit   'ipaddr.js': [ '1.9.1' ],
385 silly audit   'side-channel': [ '1.0.6' ],
385 silly audit   'core-util-is': [ '1.0.3' ],
385 silly audit   isarray: [ '1.0.0' ],
385 silly audit   'process-nextick-args': [ '2.0.1' ],
385 silly audit   string_decoder: [ '1.1.1' ],
385 silly audit   'util-deprecate': [ '1.0.2' ],
385 silly audit   mime: [ '1.6.0' ],
385 silly audit   'call-bind': [ '1.0.7' ],
385 silly audit   'es-errors': [ '1.3.0' ],
385 silly audit   'get-intrinsic': [ '1.2.4' ],
385 silly audit   'object-inspect': [ '1.13.1' ],
385 silly audit   'es-define-property': [ '1.0.0' ],
385 silly audit   'function-bind': [ '1.1.2' ],
385 silly audit   'set-function-length': [ '1.2.2' ],
385 silly audit   'has-proto': [ '1.0.3' ],
385 silly audit   'has-symbols': [ '1.0.3' ],
385 silly audit   hasown: [ '2.0.2' ],
385 silly audit   'define-data-property': [ '1.1.4' ],
385 silly audit   gopd: [ '1.0.1' ],
385 silly audit   'has-property-descriptors': [ '1.0.2' ],
385 silly audit   chalk: [ '2.4.2' ],
385 silly audit   figures: [ '2.0.0' ],
385 silly audit   'pkg-conf': [ '2.1.0' ],
385 silly audit   'ansi-styles': [ '3.2.1' ],
385 silly audit   'escape-string-regexp': [ '1.0.5' ],
385 silly audit   'supports-color': [ '5.5.0' ],
385 silly audit   'color-convert': [ '1.9.3' ],
385 silly audit   'color-name': [ '1.1.3' ],
385 silly audit   'find-up': [ '2.1.0' ],
385 silly audit   'load-json-file': [ '4.0.0' ],
385 silly audit   'locate-path': [ '2.0.0' ],
385 silly audit   'graceful-fs': [ '4.2.11' ],
385 silly audit   'parse-json': [ '4.0.0' ],
385 silly audit   pify: [ '3.0.0' ],
385 silly audit   'strip-bom': [ '3.0.0' ],
385 silly audit   'p-locate': [ '2.0.0' ],
385 silly audit   'path-exists': [ '3.0.0' ],
385 silly audit   'p-limit': [ '1.3.0' ],
385 silly audit   'p-try': [ '1.0.0' ],
385 silly audit   'error-ex': [ '1.3.2' ],
385 silly audit   'json-parse-better-errors': [ '1.0.2' ],
385 silly audit   'is-arrayish': [ '0.2.1' ],
385 silly audit   'has-flag': [ '3.0.0' ],
385 silly audit   'media-typer': [ '0.3.0' ]
385 silly audit }
386 http fetch POST 200 https://registry.npmjs.org/-/npm/v1/security/advisories/bulk 180ms
387 silly audit report {}
388 verbose exit 0
389 info ok
