0 verbose cli C:\Program Files\nodejs\node.exe C:\Users\andro\AppData\Roaming\npm\node_modules\npm\bin\npm-cli.js
1 info using npm@10.7.0
2 info using node@v20.12.2
3 silly config:load:file:C:\Users\andro\AppData\Roaming\npm\node_modules\npm\npmrc
4 silly config:load:file:C:\Users\andro\Documents\shipping-services\.npmrc
5 silly config:load:file:C:\Users\andro\.npmrc
6 silly config:load:file:C:\Users\andro\AppData\Roaming\npm\etc\npmrc
7 verbose title npm run app.ts
8 verbose argv "run" "app.ts"
9 verbose logfile logs-max:10 dir:C:\Users\andro\Documents\shipping-services\src\npm-cache\_logs\2024-06-24T09_35_36_889Z-
10 verbose logfile C:\Users\andro\Documents\shipping-services\src\npm-cache\_logs\2024-06-24T09_35_36_889Z-debug-0.log
11 silly logfile done cleaning log files
12 verbose stack Error: Missing script: "app.ts"
12 verbose stack
12 verbose stack To see a list of scripts, run:
12 verbose stack   npm run
12 verbose stack     at RunScript.run (C:\Users\andro\AppData\Roaming\npm\node_modules\npm\lib\commands\run-script.js:79:13)
12 verbose stack     at async module.exports (C:\Users\andro\AppData\Roaming\npm\node_modules\npm\lib\cli\entry.js:74:5)
13 verbose cwd C:\Users\andro\Documents\shipping-services\src
14 verbose Windows_NT 10.0.22631
15 verbose node v20.12.2
16 verbose npm  v10.7.0
17 error Missing script: "app.ts"
17 error
17 error To see a list of scripts, run:
17 error   npm run
18 verbose exit 1
19 verbose code 1
20 error A complete log of this run can be found in: C:\Users\andro\Documents\shipping-services\src\npm-cache\_logs\2024-06-24T09_35_36_889Z-debug-0.log
